%%%%%%%%%%%%%%%%%%%%%%%%%%%%%%%%%%%%%%%%%%%%%%%%%%%%%%%%
a1519314456.26b1519314456.26c1519314456.84d1519314456.84a1519314456.98b1519314456.98c1519314457.8d1519314457.8a1519314457.89b1519314457.89c1519314458.47d1519314458.47MIME-Version: 1.0
Content-Type: text/plain; charset="utf-8"
Content-Transfer-Encoding: 7bit
Subject: Order details
From: None
To: dennis.villarreal@example.com
Date: Thu, 22 Feb 2018 15:48:15 -0000
Message-ID: <20180222154815.2078.82714@master>



Hi!

Thank you for your order. To see your payment details please visit:
http://localhost:8000/order/f97affed-cc6c-4f05-be45-750cf8e4c85e/

Sincerely,
Saleor Team

-------------------------------------------------------------------------------
MIME-Version: 1.0
Content-Type: text/plain; charset="utf-8"
Content-Transfer-Encoding: 7bit
Subject: Order details
From: None
To: frank.morris@example.com
Date: Thu, 22 Feb 2018 15:48:20 -0000
Message-ID: <20180222154820.2078.79982@master>



Hi!

Thank you for your order. To see your payment details please visit:
http://localhost:8000/order/bf960b7c-cfad-43ba-8911-02b3a99d8c8f/

Sincerely,
Saleor Team

-------------------------------------------------------------------------------
%%%%%%%%%%%%%%%%%%%%%%%%%%%%%%%%%%%%%%%%%%%%%%%%%%%%%%%%
a1519314456.23b1519314456.23c1519314456.83d1519314456.83a1519314456.96b1519314456.96c1519314457.8d1519314457.8a1519314457.91b1519314457.91c1519314458.49d1519314458.49MIME-Version: 1.0
Content-Type: text/plain; charset="utf-8"
Content-Transfer-Encoding: 7bit
Subject: Order details
From: None
To: david.williams@example.com
Date: Thu, 22 Feb 2018 15:48:22 -0000
Message-ID: <20180222154822.2077.95359@master>



Hi!

Thank you for your order. To see your payment details please visit:
http://localhost:8000/order/228d28cd-19bd-48a9-8f06-4552233c822d/

Sincerely,
Saleor Team

-------------------------------------------------------------------------------
a1519314520.08b1519314520.08c1519314520.82d1519314520.82a1519314521.65b1519314521.65c1519314522.26d1519314522.26MIME-Version: 1.0
Content-Type: text/plain; charset="utf-8"
Content-Transfer-Encoding: 7bit
Subject: Order details
From: None
To: victoria.kennedy@example.com
Date: Thu, 22 Feb 2018 15:49:14 -0000
Message-ID: <20180222154914.2078.19210@master>



Hi!

Thank you for your order. To see your payment details please visit:
http://localhost:8000/order/56525936-3c4c-4eb7-b649-5fdaa1cb4a93/

Sincerely,
Saleor Team

-------------------------------------------------------------------------------
a1519314517.95b1519314517.95c1519314518.23d1519314518.23a1519314519.7b1519314519.7c1519314520.24d1519314520.24a1519314521.51b1519314521.51c1519314522.32d1519314522.32MIME-Version: 1.0
Content-Type: text/plain; charset="utf-8"
Content-Transfer-Encoding: 7bit
Subject: Order details
From: None
To: james.johnson@example.com
Date: Thu, 22 Feb 2018 15:49:15 -0000
Message-ID: <20180222154915.2077.36533@master>



Hi!

Thank you for your order. To see your payment details please visit:
http://localhost:8000/order/3644a2c3-c0ac-4c0e-a556-32e74a93e7cb/

Sincerely,
Saleor Team

-------------------------------------------------------------------------------
%%%%%%%%%%%%%%%%%%%%%%%%%%%%%%%%%%%%%%%%%%%%%%%%%%%%%%%%
a1519314456.24b1519314456.24c1519314456.87d1519314456.87a1519314457.08b1519314457.08c1519314457.77d1519314457.77a1519314457.85b1519314457.85c1519314458.45d1519314458.45a1519314458.51b1519314458.51c1519314459.39d1519314459.39a1519314517.14b1519314517.14c1519314517.42d1519314517.42a1519314518.96b1519314518.96c1519314519.44d1519314519.44a1519314520.92b1519314520.92c1519314521.54d1519314521.54a1519314523.07b1519314523.07c1519314523.92d1519314523.92a1519314524.53b1519314524.53c1519314524.74d1519314524.74MIME-Version: 1.0
Content-Type: text/plain; charset="utf-8"
Content-Transfer-Encoding: 7bit
Subject: Order details
From: None
To: frederick.cooley@example.com
Date: Thu, 22 Feb 2018 15:49:20 -0000
Message-ID: <20180222154920.2076.65025@master>



Hi!

Thank you for your order. To see your payment details please visit:
http://localhost:8000/order/b5668f8b-55a2-4fa0-953b-c956bd313a26/

Sincerely,
Saleor Team

-------------------------------------------------------------------------------
a1519314573.25b1519314573.25c1519314573.54d1519314573.54a1519314574.12b1519314574.12c1519314574.51d1519314574.51a1519314575.18b1519314575.18c1519314575.77d1519314575.77a1519314580.97b1519314580.97c1519314581.81d1519314581.81MIME-Version: 1.0
Content-Type: text/plain; charset="utf-8"
Content-Transfer-Encoding: 7bit
Subject: Order details
From: None
To: sierra.benson@example.com
Date: Thu, 22 Feb 2018 15:50:06 -0000
Message-ID: <20180222155006.2077.15107@master>



Hi!

Thank you for your order. To see your payment details please visit:
http://localhost:8000/order/d42d04e6-e7a1-476e-bd22-711292dbad41/

Sincerely,
Saleor Team

-------------------------------------------------------------------------------
a1519314577.16b1519314577.16c1519314577.89d1519314577.89a1519314580.44b1519314580.44c1519314580.91d1519314580.91a1519314580.99b1519314580.99c1519314581.51d1519314581.51a1519314582.93b1519314582.93c1519314583.57d1519314583.57MIME-Version: 1.0
Content-Type: text/plain; charset="utf-8"
Content-Transfer-Encoding: 7bit
Subject: Order details
From: None
To: ethan.stone@example.com
Date: Thu, 22 Feb 2018 15:50:13 -0000
Message-ID: <20180222155013.2078.44147@master>



Hi!

Thank you for your order. To see your payment details please visit:
http://localhost:8000/order/437438a0-36fd-4838-b252-f1b2f8a786f7/

Sincerely,
Saleor Team

-------------------------------------------------------------------------------
MIME-Version: 1.0
Content-Type: text/plain; charset="utf-8"
Content-Transfer-Encoding: 7bit
Subject: Order details
From: None
To: mary.miller@example.com
Date: Thu, 22 Feb 2018 15:50:22 -0000
Message-ID: <20180222155022.2077.58165@master>



Hi!

Thank you for your order. To see your payment details please visit:
http://localhost:8000/order/8c00fe34-7be8-48e6-b5c8-0f62abdba156/

Sincerely,
Saleor Team

-------------------------------------------------------------------------------
a1519314633.21b1519314633.21c1519314633.88d1519314633.88a1519314635.89b1519314635.89c1519314636.47d1519314636.47a1519314639.21b1519314639.21c1519314639.62d1519314639.62MIME-Version: 1.0
Content-Type: text/plain; charset="utf-8"
Content-Transfer-Encoding: 7bit
Subject: Order details
From: None
To: shawn.gray@example.com
Date: Thu, 22 Feb 2018 15:51:11 -0000
Message-ID: <20180222155111.2077.89495@master>



Hi!

Thank you for your order. To see your payment details please visit:
http://localhost:8000/order/61680b3e-07ff-4010-a48b-7757f6f8248f/

Sincerely,
Saleor Team

-------------------------------------------------------------------------------
a1519314688.61b1519314688.61c1519314688.88d1519314688.88a1519314690.86b1519314690.86c1519314691.34d1519314691.34a1519314697.48b1519314697.48c1519314698.24d1519314698.24MIME-Version: 1.0
Content-Type: text/plain; charset="utf-8"
Content-Transfer-Encoding: 7bit
Subject: Order details
From: None
To: 2@qq.com
Date: Thu, 22 Feb 2018 15:52:03 -0000
Message-ID: <20180222155203.2077.19445@master>



Hi!

Thank you for your order. To see your payment details please visit:
http://localhost:8000/order/a847c30d-a744-4bc1-b31d-0967f0f647ae/

Sincerely,
Saleor Team

-------------------------------------------------------------------------------
MIME-Version: 1.0
Content-Type: text/plain; charset="utf-8"
Content-Transfer-Encoding: 7bit
Subject: Order details
From: None
To: patricia.preston@example.com
Date: Thu, 22 Feb 2018 15:52:05 -0000
Message-ID: <20180222155205.2077.94301@master>



Hi!

Thank you for your order. To see your payment details please visit:
http://localhost:8000/order/ba2cd05a-e647-4227-bb37-a157da089070/

Sincerely,
Saleor Team

-------------------------------------------------------------------------------
a1519314634.54b1519314634.54c1519314635.12d1519314635.12a1519314645.31b1519314645.31c1519314645.77d1519314645.77a1519314684.28b1519314684.28c1519314684.59d1519314684.59a1519314691.12b1519314691.13c1519314691.5d1519314691.5a1519314695.57b1519314695.57c1519314696.42d1519314696.42a1519314701.81b1519314701.81c1519314702.32d1519314702.32MIME-Version: 1.0
Content-Type: text/plain; charset="utf-8"
Content-Transfer-Encoding: 7bit
Subject: Order details
From: None
To: frank.morris@example.com
Date: Thu, 22 Feb 2018 15:52:13 -0000
Message-ID: <20180222155213.2078.28168@master>



Hi!

Thank you for your order. To see your payment details please visit:
http://localhost:8000/order/b69f59db-f212-457c-ae49-abefcf46bfea/

Sincerely,
Saleor Team

-------------------------------------------------------------------------------
MIME-Version: 1.0
Content-Type: text/plain; charset="utf-8"
Content-Transfer-Encoding: 7bit
Subject: Order details
From: None
To: amy.scott@example.com
Date: Thu, 22 Feb 2018 15:52:16 -0000
Message-ID: <20180222155216.2077.94693@master>



Hi!

Thank you for your order. To see your payment details please visit:
http://localhost:8000/order/97e151e6-dcee-472f-bfc0-e5beb3603e2b/

Sincerely,
Saleor Team

-------------------------------------------------------------------------------
a1519314745.95b1519314745.95c1519314746.17d1519314746.17a1519314755.5b1519314755.5c1519314755.97d1519314755.97a1519314757.35b1519314757.35c1519314758.04d1519314758.04a1519314763.11b1519314763.11c1519314763.71d1519314763.71MIME-Version: 1.0
Content-Type: text/plain; charset="utf-8"
Content-Transfer-Encoding: 7bit
Subject: Order details
From: None
To: betty.holloway@example.com
Date: Thu, 22 Feb 2018 15:53:15 -0000
Message-ID: <20180222155315.2077.44136@master>



Hi!

Thank you for your order. To see your payment details please visit:
http://localhost:8000/order/08b1165b-3811-4502-8a70-468884229ec7/

Sincerely,
Saleor Team

-------------------------------------------------------------------------------
a1519314749.78b1519314749.78c1519314750.08d1519314750.08a1519314750.14b1519314750.14c1519314750.7d1519314750.7a1519314750.77b1519314750.77c1519314751.38d1519314751.38a1519314754.37b1519314754.37c1519314755.14d1519314755.14MIME-Version: 1.0
Content-Type: text/plain; charset="utf-8"
Content-Transfer-Encoding: 7bit
Subject: Order details
From: None
To: christopher.phillips@example.com
Date: Thu, 22 Feb 2018 15:53:17 -0000
Message-ID: <20180222155317.2078.63212@master>



Hi!

Thank you for your order. To see your payment details please visit:
http://localhost:8000/order/0a589295-f943-42bb-bfb9-1b9082976501/

Sincerely,
Saleor Team

-------------------------------------------------------------------------------
a1519314575.25b1519314575.25c1519314575.94d1519314575.94a1519314577.62b1519314577.62c1519314578.16d1519314578.16a1519314629.4b1519314629.4c1519314629.82d1519314629.82a1519314633.58b1519314633.58c1519314634.18d1519314634.18a1519314635.66b1519314635.66c1519314636.22d1519314636.22a1519314636.29b1519314636.29c1519314636.8d1519314636.8a1519314641.39b1519314641.39c1519314641.59d1519314641.59a1519314689.28b1519314689.28c1519314689.53d1519314689.53a1519314692.27b1519314692.27c1519314693.05d1519314693.05a1519314699.02b1519314699.02c1519314699.66d1519314699.66a1519314750.68b1519314750.68c1519314751.3d1519314751.3a1519314757.4b1519314757.4c1519314758.07d1519314758.07a1519314811.38b1519314811.38c1519314811.86d1519314811.86a1519314816.91b1519314816.91c1519314817.12d1519314817.12a1519314824.55b1519314824.55c1519314824.84d1519314824.84MIME-Version: 1.0
Content-Type: text/plain; charset="utf-8"
Content-Transfer-Encoding: 7bit
Subject: Order details
From: None
To: frederick.cooley@example.com
Date: Thu, 22 Feb 2018 15:54:08 -0000
Message-ID: <20180222155408.2076.21162@master>



Hi!

Thank you for your order. To see your payment details please visit:
http://localhost:8000/order/d9a68e09-1e05-4f21-8870-092900782345/

Sincerely,
Saleor Team

-------------------------------------------------------------------------------
MIME-Version: 1.0
Content-Type: text/plain; charset="utf-8"
Content-Transfer-Encoding: 7bit
Subject: Order details
From: None
To: sue.salazar@example.com
Date: Thu, 22 Feb 2018 15:54:11 -0000
Message-ID: <20180222155411.2076.59788@master>



Hi!

Thank you for your order. To see your payment details please visit:
http://localhost:8000/order/025d6d1e-13a1-40ab-81b6-6743c0cb40ce/

Sincerely,
Saleor Team

-------------------------------------------------------------------------------
a1519314807.45b1519314807.45c1519314807.7d1519314807.7a1519314811.84b1519314811.84c1519314812.75d1519314812.75a1519314816.31b1519314816.31c1519314816.61d1519314816.61MIME-Version: 1.0
Content-Type: text/plain; charset="utf-8"
Content-Transfer-Encoding: 7bit
Subject: Order details
From: None
To: nicole.martinez@example.com
Date: Thu, 22 Feb 2018 15:54:18 -0000
Message-ID: <20180222155418.2078.35447@master>



Hi!

Thank you for your order. To see your payment details please visit:
http://localhost:8000/order/bdbf6f97-be64-4d71-8775-79f9a8d2271f/

Sincerely,
Saleor Team

-------------------------------------------------------------------------------
a1519314872.95b1519314872.95c1519314873.58d1519314873.58a1519314881.27b1519314881.27c1519314881.83d1519314881.83MIME-Version: 1.0
Content-Type: text/plain; charset="utf-8"
Content-Transfer-Encoding: 7bit
Subject: Order details
From: None
To: mary.miller@example.com
Date: Thu, 22 Feb 2018 15:55:11 -0000
Message-ID: <20180222155511.2076.98883@master>



Hi!

Thank you for your order. To see your payment details please visit:
http://localhost:8000/order/d253b8ff-d226-44f2-809b-9d95e76548b8/

Sincerely,
Saleor Team

-------------------------------------------------------------------------------
a1519314871.7b1519314871.7c1519314872.57d1519314872.57a1519314875.34b1519314875.34c1519314875.78d1519314875.78a1519314886.45b1519314886.45c1519314887.31d1519314887.31MIME-Version: 1.0
Content-Type: text/plain; charset="utf-8"
Content-Transfer-Encoding: 7bit
Subject: Order details
From: None
To: kathryn.lawrence@example.com
Date: Thu, 22 Feb 2018 15:55:11 -0000
Message-ID: <20180222155511.2078.90094@master>



Hi!

Thank you for your order. To see your payment details please visit:
http://localhost:8000/order/179b19dd-01fe-4d30-89ee-20fbf0b18781/

Sincerely,
Saleor Team

-------------------------------------------------------------------------------
MIME-Version: 1.0
Content-Type: text/plain; charset="utf-8"
Content-Transfer-Encoding: 7bit
Subject: Order details
From: None
To: gail.davis@example.com
Date: Thu, 22 Feb 2018 15:55:22 -0000
Message-ID: <20180222155522.2078.11825@master>



Hi!

Thank you for your order. To see your payment details please visit:
http://localhost:8000/order/7474c300-31e8-493e-84db-342201ad02fb/

Sincerely,
Saleor Team

-------------------------------------------------------------------------------
a1519314931.93b1519314931.93c1519314932.36d1519314932.36a1519314935.14b1519314935.14c1519314935.75d1519314935.75a1519314935.82b1519314935.82c1519314936.44d1519314936.44a1519314940.75b1519314940.75c1519314940.97d1519314940.97a1519314946.21b1519314946.21c1519314946.8d1519314946.8MIME-Version: 1.0
Content-Type: text/plain; charset="utf-8"
Content-Transfer-Encoding: 7bit
Subject: Order details
From: None
To: patricia.preston@example.com
Date: Thu, 22 Feb 2018 15:56:18 -0000
Message-ID: <20180222155618.2076.43246@master>



Hi!

Thank you for your order. To see your payment details please visit:
http://localhost:8000/order/a6cf44a3-b140-4587-ae9d-fb8efc4757e4/

Sincerely,
Saleor Team

-------------------------------------------------------------------------------
MIME-Version: 1.0
Content-Type: text/plain; charset="utf-8"
Content-Transfer-Encoding: 7bit
Subject: Order details
From: None
To: frank.morris@example.com
Date: Thu, 22 Feb 2018 15:56:20 -0000
Message-ID: <20180222155620.2076.84143@master>



Hi!

Thank you for your order. To see your payment details please visit:
http://localhost:8000/order/a1ca4019-09aa-41cd-af32-c393e4c06510/

Sincerely,
Saleor Team

-------------------------------------------------------------------------------
a1519314810.43b1519314810.43c1519314810.91d1519314810.91a1519314811.66b1519314811.66c1519314812.21d1519314812.21a1519314818.51b1519314818.51c1519314818.71d1519314818.71a1519314825.31b1519314825.31c1519314825.91d1519314825.91a1519314872.15b1519314872.15c1519314872.74d1519314872.74a1519314873.62b1519314873.62c1519314874.47d1519314874.47a1519314876.49b1519314876.49c1519314877.07d1519314877.07a1519314878.11b1519314878.11c1519314878.46d1519314878.46a1519314883.21b1519314883.21c1519314884.22d1519314884.22a1519314933.51b1519314933.51c1519314934.11d1519314934.11MIME-Version: 1.0
Content-Type: text/plain; charset="utf-8"
Content-Transfer-Encoding: 7bit
Subject: Order details
From: None
To: dawn.lindsey@example.com
Date: Thu, 22 Feb 2018 15:56:27 -0000
Message-ID: <20180222155627.2077.51716@master>



Hi!

Thank you for your order. To see your payment details please visit:
http://localhost:8000/order/94d50204-5146-481e-8852-802a9decdfcb/

Sincerely,
Saleor Team

-------------------------------------------------------------------------------
a1519315010.74b1519315010.74c1519315011.35d1519315011.35MIME-Version: 1.0
Content-Type: text/plain; charset="utf-8"
Content-Transfer-Encoding: 7bit
Subject: Order details
From: None
To: james.johnson@example.com
Date: Thu, 22 Feb 2018 15:57:24 -0000
Message-ID: <20180222155724.2077.56832@master>



Hi!

Thank you for your order. To see your payment details please visit:
http://localhost:8000/order/408fbe5e-0f00-4850-9a77-b7547b939023/

Sincerely,
Saleor Team

-------------------------------------------------------------------------------
a1519314933.33b1519314933.33c1519314933.94d1519314933.94a1519314936.86b1519314936.86c1519314937.41d1519314937.41a1519314943.5b1519314943.5c1519314943.98d1519314943.98a1519314946.33b1519314946.33c1519314946.9d1519314946.9a1519314992.17b1519314992.17c1519314992.55d1519314992.55a1519314994.33b1519314994.33c1519314994.94d1519314994.94a1519315000.16b1519315000.16c1519315000.8d1519315000.8MIME-Version: 1.0
Content-Type: text/plain; charset="utf-8"
Content-Transfer-Encoding: 7bit
Subject: Order details
From: None
To: victoria.kennedy@example.com
Date: Thu, 22 Feb 2018 15:57:25 -0000
Message-ID: <20180222155725.2078.36581@master>



Hi!

Thank you for your order. To see your payment details please visit:
http://localhost:8000/order/d81d804e-bfa2-4732-9667-17c54f3120ee/

Sincerely,
Saleor Team

-------------------------------------------------------------------------------
a1519315056.28b1519315056.29c1519315056.64d1519315056.64MIME-Version: 1.0
Content-Type: text/plain; charset="utf-8"
Content-Transfer-Encoding: 7bit
Subject: Order details
From: None
To: sue.salazar@example.com
Date: Thu, 22 Feb 2018 15:58:16 -0000
Message-ID: <20180222155816.2077.22338@master>



Hi!

Thank you for your order. To see your payment details please visit:
http://localhost:8000/order/50fbec2f-ab3b-41b4-a3b4-698b693da0b2/

Sincerely,
Saleor Team

-------------------------------------------------------------------------------
a1519314991.56b1519314991.56c1519314992.0d1519314992.0a1519314994.01b1519314994.01c1519314994.3d1519314994.3a1519314996.84b1519314996.84c1519314997.26d1519314997.26a1519315000.68b1519315000.68c1519315001.2d1519315001.2a1519315001.74b1519315001.74c1519315002.34d1519315002.34a1519315007.16b1519315007.16c1519315007.68d1519315007.68a1519315056.82b1519315056.82c1519315057.36d1519315057.36a1519315057.42b1519315057.42c1519315058.03d1519315058.03a1519315059.14b1519315059.14c1519315059.36d1519315059.36a1519315065.27b1519315065.27c1519315065.59d1519315065.59a1519315066.71b1519315066.71c1519315067.33d1519315067.33a1519315074.84b1519315074.84c1519315075.91d1519315075.91MIME-Version: 1.0
Content-Type: text/plain; charset="utf-8"
Content-Transfer-Encoding: 7bit
Subject: Order details
From: None
To: megan.johnson@example.com
Date: Thu, 22 Feb 2018 15:58:17 -0000
Message-ID: <20180222155817.2076.75983@master>



Hi!

Thank you for your order. To see your payment details please visit:
http://localhost:8000/order/0f16b068-df2f-4b89-8262-24d72f905a3f/

Sincerely,
Saleor Team

-------------------------------------------------------------------------------
a1519315057.02b1519315057.02c1519315057.62d1519315057.62a1519315067.89b1519315067.89c1519315068.74d1519315068.74a1519315069.85b1519315069.85c1519315070.32d1519315070.32MIME-Version: 1.0
Content-Type: text/plain; charset="utf-8"
Content-Transfer-Encoding: 7bit
Subject: Order details
From: None
To: kathleen.mann@example.com
Date: Thu, 22 Feb 2018 15:58:19 -0000
Message-ID: <20180222155819.2078.89813@master>



Hi!

Thank you for your order. To see your payment details please visit:
http://localhost:8000/order/a73a5de2-2234-4872-aaa0-e90474bbeed9/

Sincerely,
Saleor Team

-------------------------------------------------------------------------------
MIME-Version: 1.0
Content-Type: text/plain; charset="utf-8"
Content-Transfer-Encoding: 7bit
Subject: Order details
From: None
To: sierra.benson@example.com
Date: Thu, 22 Feb 2018 15:58:33 -0000
Message-ID: <20180222155833.2077.67127@master>



Hi!

Thank you for your order. To see your payment details please visit:
http://localhost:8000/order/3d7a61a0-417f-4890-87c0-d57327ec9e28/

Sincerely,
Saleor Team

-------------------------------------------------------------------------------
a1519315121.03b1519315121.03c1519315121.99d1519315121.99a1519315135.96b1519315135.96c1519315136.58d1519315136.58MIME-Version: 1.0
Content-Type: text/plain; charset="utf-8"
Content-Transfer-Encoding: 7bit
Subject: Order details
From: None
To: nicole.martinez@example.com
Date: Thu, 22 Feb 2018 15:59:16 -0000
Message-ID: <20180222155916.2078.24917@master>



Hi!

Thank you for your order. To see your payment details please visit:
http://localhost:8000/order/13543341-d3e3-4612-86c4-4595e45573c3/

Sincerely,
Saleor Team

-------------------------------------------------------------------------------
MIME-Version: 1.0
Content-Type: text/plain; charset="utf-8"
Content-Transfer-Encoding: 7bit
Subject: Order details
From: None
To: shawn.gray@example.com
Date: Thu, 22 Feb 2018 15:59:35 -0000
Message-ID: <20180222155935.2078.10381@master>



Hi!

Thank you for your order. To see your payment details please visit:
http://localhost:8000/order/5a0986e7-cf7c-41cc-bc28-e85185921e0e/

Sincerely,
Saleor Team

-------------------------------------------------------------------------------
a1519315118.01b1519315118.01c1519315118.23d1519315118.23a1519315119.67b1519315119.67c1519315120.38d1519315120.38a1519315120.44b1519315120.44c1519315121.19d1519315121.19a1519315132.71b1519315132.71c1519315133.04d1519315133.04a1519315179.53b1519315179.53c1519315179.98d1519315179.98a1519315182.86b1519315182.86c1519315183.06d1519315183.06a1519315188.24b1519315188.24c1519315188.87d1519315188.87a1519315198.53b1519315198.53c1519315198.95d1519315198.95MIME-Version: 1.0
Content-Type: text/plain; charset="utf-8"
Content-Transfer-Encoding: 7bit
Subject: Order details
From: None
To: john.austin@example.com
Date: Thu, 22 Feb 2018 16:00:18 -0000
Message-ID: <20180222160018.2076.79510@master>



Hi!

Thank you for your order. To see your payment details please visit:
http://localhost:8000/order/ad949d00-d831-42a6-a1e8-3a16d053bf9e/

Sincerely,
Saleor Team

-------------------------------------------------------------------------------
a1519315191.88b1519315191.88c1519315192.49d1519315192.49MIME-Version: 1.0
Content-Type: text/plain; charset="utf-8"
Content-Transfer-Encoding: 7bit
Subject: Order details
From: None
To: gail.davis@example.com
Date: Thu, 22 Feb 2018 16:00:18 -0000
Message-ID: <20180222160018.2078.50014@master>



Hi!

Thank you for your order. To see your payment details please visit:
http://localhost:8000/order/e1779444-c9c7-4bbd-8b4a-86b208856a0a/

Sincerely,
Saleor Team

-------------------------------------------------------------------------------
a1519315241.31b1519315241.31c1519315241.93d1519315241.93a1519315248.7b1519315248.7c1519315248.92d1519315248.92a1519315262.55b1519315262.55c1519315263.16d1519315263.16MIME-Version: 1.0
Content-Type: text/plain; charset="utf-8"
Content-Transfer-Encoding: 7bit
Subject: Order details
From: None
To: david.williams@example.com
Date: Thu, 22 Feb 2018 16:01:18 -0000
Message-ID: <20180222160118.2076.36067@master>



Hi!

Thank you for your order. To see your payment details please visit:
http://localhost:8000/order/e2be9033-b338-4e1a-b8b3-38ee8a7a427f/

Sincerely,
Saleor Team

-------------------------------------------------------------------------------
a1519315121.48b1519315121.48c1519315122.09d1519315122.09a1519315126.66b1519315126.66c1519315127.16d1519315127.16a1519315128.35b1519315128.35c1519315128.96d1519315128.96a1519315134.4b1519315134.4c1519315134.78d1519315134.78a1519315184.85b1519315184.85c1519315185.11d1519315185.11a1519315186.23b1519315186.23c1519315186.87d1519315186.87a1519315189.56b1519315189.56c1519315190.15d1519315190.15a1519315194.47b1519315194.47c1519315194.86d1519315194.86a1519315198.9b1519315198.9c1519315199.33d1519315199.33a1519315254.03b1519315254.03c1519315254.32d1519315254.32a1519315262.41b1519315262.41c1519315263.04d1519315263.04MIME-Version: 1.0
Content-Type: text/plain; charset="utf-8"
Content-Transfer-Encoding: 7bit
Subject: Order details
From: None
To: dawn.lindsey@example.com
Date: Thu, 22 Feb 2018 16:01:19 -0000
Message-ID: <20180222160119.2077.15889@master>



Hi!

Thank you for your order. To see your payment details please visit:
http://localhost:8000/order/1abb3161-de5b-4771-943c-f56a48f64a68/

Sincerely,
Saleor Team

-------------------------------------------------------------------------------
MIME-Version: 1.0
Content-Type: text/plain; charset="utf-8"
Content-Transfer-Encoding: 7bit
Subject: Order details
From: None
To: carolyn.ortiz@example.com
Date: Thu, 22 Feb 2018 16:01:46 -0000
Message-ID: <20180222160146.2077.12653@master>



Hi!

Thank you for your order. To see your payment details please visit:
http://localhost:8000/order/1d253cb3-9ea8-4224-9e1d-6611aa63a82f/

Sincerely,
Saleor Team

-------------------------------------------------------------------------------
a1519315242.58b1519315242.58c1519315243.1d1519315243.1a1519315247.17b1519315247.17c1519315247.49d1519315247.49a1519315249.19b1519315249.19c1519315249.8d1519315249.8a1519315249.91b1519315249.91c1519315250.82d1519315250.82a1519315256.98b1519315256.98c1519315257.2d1519315257.2a1519315304.93b1519315304.93c1519315305.36d1519315305.36a1519315310.54b1519315310.54c1519315311.07d1519315311.07a1519315322.14b1519315322.14c1519315322.74d1519315322.74a1519315330.12b1519315330.12c1519315330.68d1519315330.68MIME-Version: 1.0
Content-Type: text/plain; charset="utf-8"
Content-Transfer-Encoding: 7bit
Subject: Order details
From: None
To: christopher.phillips@example.com
Date: Thu, 22 Feb 2018 16:02:28 -0000
Message-ID: <20180222160228.2078.30782@master>



Hi!

Thank you for your order. To see your payment details please visit:
http://localhost:8000/order/2e527ec0-55c5-43c8-81c0-751e450824f8/

Sincerely,
Saleor Team

-------------------------------------------------------------------------------
MIME-Version: 1.0
Content-Type: text/plain; charset="utf-8"
Content-Transfer-Encoding: 7bit
Subject: Order details
From: None
To: kathleen.mann@example.com
Date: Thu, 22 Feb 2018 16:02:30 -0000
Message-ID: <20180222160230.2078.14507@master>



Hi!

Thank you for your order. To see your payment details please visit:
http://localhost:8000/order/5c42bc2a-7cff-4406-96d1-6105a9800f02/

Sincerely,
Saleor Team

-------------------------------------------------------------------------------
MIME-Version: 1.0
Content-Type: text/plain; charset="utf-8"
Content-Transfer-Encoding: 7bit
Subject: Order details
From: None
To: megan.johnson@example.com
Date: Thu, 22 Feb 2018 16:02:36 -0000
Message-ID: <20180222160236.2078.55982@master>



Hi!

Thank you for your order. To see your payment details please visit:
http://localhost:8000/order/4c0aa779-6382-40ba-8ed4-4e7b7990b21f/

Sincerely,
Saleor Team

-------------------------------------------------------------------------------
a1519315309.92b1519315309.92c1519315310.5d1519315310.5a1519315319.75b1519315319.75c1519315320.16d1519315320.16a1519315325.25b1519315325.25c1519315325.78d1519315325.78MIME-Version: 1.0
Content-Type: text/plain; charset="utf-8"
Content-Transfer-Encoding: 7bit
Subject: Order details
From: None
To: sue.salazar@example.com
Date: Thu, 22 Feb 2018 16:02:47 -0000
Message-ID: <20180222160247.2076.57608@master>



Hi!

Thank you for your order. To see your payment details please visit:
http://localhost:8000/order/5cadb444-5994-436c-b9f0-501b75a1e1ee/

Sincerely,
Saleor Team

-------------------------------------------------------------------------------
a1519315313.22b1519315313.22c1519315314.07d1519315314.07a1519315314.99b1519315314.99c1519315315.2d1519315315.2a1519315315.25b1519315315.25c1519315315.69d1519315315.69MIME-Version: 1.0
Content-Type: text/plain; charset="utf-8"
Content-Transfer-Encoding: 7bit
Subject: Order details
From: None
To: sierra.benson@example.com
Date: Thu, 22 Feb 2018 16:02:53 -0000
Message-ID: <20180222160253.2077.52857@master>



Hi!

Thank you for your order. To see your payment details please visit:
http://localhost:8000/order/23625440-2413-4db0-84d0-696e408c2c68/

Sincerely,
Saleor Team

-------------------------------------------------------------------------------
a1519315369.26b1519315369.26c1519315369.95d1519315369.95a1519315374.67b1519315374.67c1519315375.11d1519315375.11a1519315379.41b1519315379.41c1519315380.01d1519315380.01a1519315399.07b1519315399.07c1519315399.71d1519315399.71MIME-Version: 1.0
Content-Type: text/plain; charset="utf-8"
Content-Transfer-Encoding: 7bit
Subject: Order details
From: None
To: amanda.rodriguez@example.com
Date: Thu, 22 Feb 2018 16:03:24 -0000
Message-ID: <20180222160324.2076.95587@master>



Hi!

Thank you for your order. To see your payment details please visit:
http://localhost:8000/order/57e03683-d8e5-443c-a915-2cb2bb3b7ff0/

Sincerely,
Saleor Team

-------------------------------------------------------------------------------
a1519315380.02b1519315380.02c1519315380.62d1519315380.62MIME-Version: 1.0
Content-Type: text/plain; charset="utf-8"
Content-Transfer-Encoding: 7bit
Subject: Order details
From: None
To: ashley.collins@example.com
Date: Thu, 22 Feb 2018 16:03:35 -0000
Message-ID: <20180222160335.2077.44627@master>



Hi!

Thank you for your order. To see your payment details please visit:
http://localhost:8000/order/287783e0-4f56-48cb-b6ef-86f7d50ec0c2/

Sincerely,
Saleor Team

-------------------------------------------------------------------------------
MIME-Version: 1.0
Content-Type: text/plain; charset="utf-8"
Content-Transfer-Encoding: 7bit
Subject: Order details
From: None
To: tracy.wood@example.com
Date: Thu, 22 Feb 2018 16:03:44 -0000
Message-ID: <20180222160344.2077.61780@master>



Hi!

Thank you for your order. To see your payment details please visit:
http://localhost:8000/order/19679377-b3d8-4a4e-be56-46052f52eed2/

Sincerely,
Saleor Team

-------------------------------------------------------------------------------
a1519315441.94b1519315441.94c1519315442.15d1519315442.15a1519315445.29b1519315445.29c1519315445.69d1519315445.69MIME-Version: 1.0
Content-Type: text/plain; charset="utf-8"
Content-Transfer-Encoding: 7bit
Subject: Order details
From: None
To: john.austin@example.com
Date: Thu, 22 Feb 2018 16:04:41 -0000
Message-ID: <20180222160441.2076.55060@master>



Hi!

Thank you for your order. To see your payment details please visit:
http://localhost:8000/order/f82939d0-e9d3-4ea1-b9e8-7d18d9c1d9a2/

Sincerely,
Saleor Team

-------------------------------------------------------------------------------
MIME-Version: 1.0
Content-Type: text/plain; charset="utf-8"
Content-Transfer-Encoding: 7bit
Subject: Order details
From: None
To: joe.walker@example.com
Date: Thu, 22 Feb 2018 16:04:47 -0000
Message-ID: <20180222160447.2076.93989@master>



Hi!

Thank you for your order. To see your payment details please visit:
http://localhost:8000/order/a7d687dd-770a-4286-852c-916b9f412907/

Sincerely,
Saleor Team

-------------------------------------------------------------------------------
a1519315365.34b1519315365.34c1519315365.92d1519315365.92a1519315370.63b1519315370.63c1519315371.17d1519315371.17a1519315374.93b1519315374.93c1519315375.32d1519315375.32a1519315378.47b1519315378.47c1519315379.06d1519315379.06a1519315387.48b1519315387.48c1519315388.1d1519315388.1a1519315438.15b1519315438.15c1519315438.75d1519315438.75a1519315440.5b1519315440.5c1519315440.81d1519315440.81a1519315466.27b1519315466.27c1519315466.69d1519315466.69a1519315504.94b1519315504.94c1519315505.53d1519315505.53a1519315507.51b1519315507.51c1519315508.13d1519315508.13MIME-Version: 1.0
Content-Type: text/plain; charset="utf-8"
Content-Transfer-Encoding: 7bit
Subject: Order details
From: None
To: 2@qq.com
Date: Thu, 22 Feb 2018 16:05:42 -0000
Message-ID: <20180222160542.2078.92766@master>



Hi!

Thank you for your order. To see your payment details please visit:
http://localhost:8000/order/57e92cc7-2dbf-4056-a8fc-28017a9a4918/

Sincerely,
Saleor Team

-------------------------------------------------------------------------------
a1519315502.21b1519315502.21c1519315502.58d1519315502.58a1519315502.65b1519315502.65c1519315503.22d1519315503.22a1519315505.74b1519315505.74c1519315506.27d1519315506.27a1519315507.84b1519315507.84c1519315508.44d1519315508.44a1519315527.1b1519315527.1c1519315527.44d1519315527.44MIME-Version: 1.0
Content-Type: text/plain; charset="utf-8"
Content-Transfer-Encoding: 7bit
Subject: Order details
From: None
To: david.williams@example.com
Date: Thu, 22 Feb 2018 16:05:47 -0000
Message-ID: <20180222160547.2076.51329@master>



Hi!

Thank you for your order. To see your payment details please visit:
http://localhost:8000/order/fba32141-fab0-4272-9bb6-9cd5c7a513b7/

Sincerely,
Saleor Team

-------------------------------------------------------------------------------
MIME-Version: 1.0
Content-Type: text/plain; charset="utf-8"
Content-Transfer-Encoding: 7bit
Subject: Order details
From: None
To: amy.scott@example.com
Date: Thu, 22 Feb 2018 16:05:54 -0000
Message-ID: <20180222160554.2076.42084@master>



Hi!

Thank you for your order. To see your payment details please visit:
http://localhost:8000/order/2a970222-1bc7-4d44-9d8b-ff1f3c39ca44/

Sincerely,
Saleor Team

-------------------------------------------------------------------------------
a1519315434.64b1519315434.64c1519315434.97d1519315434.97a1519315437.62b1519315437.62c1519315438.24d1519315438.24a1519315439.02b1519315439.02c1519315439.65d1519315439.65a1519315443.49b1519315443.49c1519315443.94d1519315443.94a1519315447.5b1519315447.5c1519315448.14d1519315448.14a1519315502.48b1519315502.48c1519315503.06d1519315503.06a1519315507.11b1519315507.11c1519315507.95d1519315507.95a1519315514.59b1519315514.59c1519315515.01d1519315515.01MIME-Version: 1.0
Content-Type: text/plain; charset="utf-8"
Content-Transfer-Encoding: 7bit
Subject: Order details
From: None
To: sheila.payne@example.com
Date: Thu, 22 Feb 2018 16:05:56 -0000
Message-ID: <20180222160556.2077.81534@master>



Hi!

Thank you for your order. To see your payment details please visit:
http://localhost:8000/order/d93a1194-aa9c-40c3-a02e-8525916a0620/

Sincerely,
Saleor Team

-------------------------------------------------------------------------------
MIME-Version: 1.0
Content-Type: text/plain; charset="utf-8"
Content-Transfer-Encoding: 7bit
Subject: Order details
From: None
To: cynthia.cole@example.com
Date: Thu, 22 Feb 2018 16:06:07 -0000
Message-ID: <20180222160607.2078.28565@master>



Hi!

Thank you for your order. To see your payment details please visit:
http://localhost:8000/order/cb05d9d1-945a-4700-836e-a61aead3de87/

Sincerely,
Saleor Team

-------------------------------------------------------------------------------
a1519315569.56b1519315569.56c1519315569.77d1519315569.77a1519315570.47b1519315570.47c1519315571.31d1519315571.31MIME-Version: 1.0
Content-Type: text/plain; charset="utf-8"
Content-Transfer-Encoding: 7bit
Subject: Order details
From: None
To: susan.valenzuela@example.com
Date: Thu, 22 Feb 2018 16:07:04 -0000
Message-ID: <20180222160704.2077.80977@master>



Hi!

Thank you for your order. To see your payment details please visit:
http://localhost:8000/order/858b4a64-afa7-47fb-ab69-accd7934ed4f/

Sincerely,
Saleor Team

-------------------------------------------------------------------------------
a1519315563.94b1519315563.94c1519315564.53d1519315564.53a1519315571.26b1519315571.26c1519315571.88d1519315571.88a1519315575.04b1519315575.04c1519315575.26d1519315575.26a1519315579.74b1519315579.74c1519315580.31d1519315580.31a1519315582.23b1519315582.23c1519315582.62d1519315582.62a1519315588.91b1519315588.91c1519315589.56d1519315589.56MIME-Version: 1.0
Content-Type: text/plain; charset="utf-8"
Content-Transfer-Encoding: 7bit
Subject: Order details
From: None
To: megan.johnson@example.com
Date: Thu, 22 Feb 2018 16:07:09 -0000
Message-ID: <20180222160709.2076.60191@master>



Hi!

Thank you for your order. To see your payment details please visit:
http://localhost:8000/order/b25d9135-c987-473b-9353-37e09aee2967/

Sincerely,
Saleor Team

-------------------------------------------------------------------------------
a1519315570.67b1519315570.67c1519315571.29d1519315571.29a1519315571.96b1519315571.96c1519315572.64d1519315572.64a1519315631.95b1519315631.95c1519315632.34d1519315632.34a1519315633.96b1519315633.96c1519315634.5d1519315634.5a1519315636.83b1519315636.83c1519315637.24d1519315637.24MIME-Version: 1.0
Content-Type: text/plain; charset="utf-8"
Content-Transfer-Encoding: 7bit
Subject: Order details
From: None
To: amanda.rodriguez@example.com
Date: Thu, 22 Feb 2018 16:07:56 -0000
Message-ID: <20180222160756.2078.44125@master>



Hi!

Thank you for your order. To see your payment details please visit:
http://localhost:8000/order/e9ac0dc9-1841-42f1-9b32-2aa977f6d257/

Sincerely,
Saleor Team

-------------------------------------------------------------------------------
a1519315633.63b1519315633.63c1519315634.25d1519315634.25a1519315644.84b1519315644.84c1519315645.31d1519315645.31a1519315649.37b1519315649.37c1519315649.93d1519315649.93MIME-Version: 1.0
Content-Type: text/plain; charset="utf-8"
Content-Transfer-Encoding: 7bit
Subject: Order details
From: None
To: ethan.stone@example.com
Date: Thu, 22 Feb 2018 16:08:00 -0000
Message-ID: <20180222160800.2077.91019@master>



Hi!

Thank you for your order. To see your payment details please visit:
http://localhost:8000/order/458aa3d2-d6bf-4a63-b7f9-00d9d0cfaaea/

Sincerely,
Saleor Team

-------------------------------------------------------------------------------
a1519315631.91b1519315631.91c1519315632.31d1519315632.31a1519315636.37b1519315636.37c1519315636.57d1519315636.57a1519315637.33b1519315637.33c1519315637.78d1519315637.78a1519315642.78b1519315642.78c1519315643.15d1519315643.15a1519315698.95b1519315698.95c1519315699.39d1519315699.39MIME-Version: 1.0
Content-Type: text/plain; charset="utf-8"
Content-Transfer-Encoding: 7bit
Subject: Order details
From: None
To: john.austin@example.com
Date: Thu, 22 Feb 2018 16:09:01 -0000
Message-ID: <20180222160901.2076.36096@master>



Hi!

Thank you for your order. To see your payment details please visit:
http://localhost:8000/order/385def67-bca0-44f7-a2b8-4db315ba01eb/

Sincerely,
Saleor Team

-------------------------------------------------------------------------------
a1519315694.54b1519315694.54c1519315694.75d1519315694.75a1519315697.55b1519315697.55c1519315697.9d1519315697.9a1519315699.57b1519315699.57c1519315699.95d1519315699.95a1519315701.74b1519315701.74c1519315702.48d1519315702.48a1519315707.21b1519315707.21c1519315707.84d1519315707.84MIME-Version: 1.0
Content-Type: text/plain; charset="utf-8"
Content-Transfer-Encoding: 7bit
Subject: Order details
From: None
To: shawn.gray@example.com
Date: Thu, 22 Feb 2018 16:09:02 -0000
Message-ID: <20180222160902.2077.70559@master>



Hi!

Thank you for your order. To see your payment details please visit:
http://localhost:8000/order/a4704966-d492-4887-9f80-9a7c889baaac/

Sincerely,
Saleor Team

-------------------------------------------------------------------------------
a1519315693.82b1519315693.82c1519315694.16d1519315694.16a1519315696.0b1519315696.0c1519315696.58d1519315696.58a1519315701.7b1519315701.7c1519315702.32d1519315702.32a1519315715.55b1519315715.55c1519315716.09d1519315716.09MIME-Version: 1.0
Content-Type: text/plain; charset="utf-8"
Content-Transfer-Encoding: 7bit
Subject: Order details
From: None
To: adam.carpenter@example.com
Date: Thu, 22 Feb 2018 16:09:07 -0000
Message-ID: <20180222160907.2078.71897@master>



Hi!

Thank you for your order. To see your payment details please visit:
http://localhost:8000/order/f0fc16e5-c2e9-4605-a23b-3ac0b537eb41/

Sincerely,
Saleor Team

-------------------------------------------------------------------------------
MIME-Version: 1.0
Content-Type: text/plain; charset="utf-8"
Content-Transfer-Encoding: 7bit
Subject: Order details
From: None
To: christopher.jensen@example.com
Date: Thu, 22 Feb 2018 16:09:12 -0000
Message-ID: <20180222160912.2076.57800@master>



Hi!

Thank you for your order. To see your payment details please visit:
http://localhost:8000/order/b5c65803-8790-4e70-a4ec-504d4bcc0cc1/

Sincerely,
Saleor Team

-------------------------------------------------------------------------------
a1519315762.81b1519315762.81c1519315763.2d1519315763.2a1519315766.47b1519315766.47c1519315767.06d1519315767.06a1519315774.9b1519315774.9c1519315775.91d1519315775.91MIME-Version: 1.0
Content-Type: text/plain; charset="utf-8"
Content-Transfer-Encoding: 7bit
Subject: Order details
From: None
To: nicholas.hill@example.com
Date: Thu, 22 Feb 2018 16:10:00 -0000
Message-ID: <20180222161000.2077.84478@master>



Hi!

Thank you for your order. To see your payment details please visit:
http://localhost:8000/order/565a8780-0360-4a04-af71-22769b5e11f8/

Sincerely,
Saleor Team

-------------------------------------------------------------------------------
a1519315761.37b1519315761.37c1519315761.77d1519315761.77a1519315764.97b1519315764.97c1519315765.18d1519315765.18a1519315769.42b1519315769.42c1519315769.99d1519315769.99MIME-Version: 1.0
Content-Type: text/plain; charset="utf-8"
Content-Transfer-Encoding: 7bit
Subject: Order details
From: None
To: dawn.lindsey@example.com
Date: Thu, 22 Feb 2018 16:10:11 -0000
Message-ID: <20180222161011.2076.29631@master>



Hi!

Thank you for your order. To see your payment details please visit:
http://localhost:8000/order/8fff2046-de74-4d75-94ad-9ede897384f4/

Sincerely,
Saleor Team

-------------------------------------------------------------------------------
a1519315825.29b1519315825.29c1519315825.57d1519315825.57a1519315829.93b1519315829.93c1519315830.5d1519315830.5a1519315834.49b1519315834.49c1519315834.98d1519315834.98a1519315844.91b1519315844.91c1519315845.51d1519315845.53MIME-Version: 1.0
Content-Type: text/plain; charset="utf-8"
Content-Transfer-Encoding: 7bit
Subject: Order details
From: None
To: dennis.villarreal@example.com
Date: Thu, 22 Feb 2018 16:11:03 -0000
Message-ID: <20180222161103.2076.9547@master>



Hi!

Thank you for your order. To see your payment details please visit:
http://localhost:8000/order/b4b4d52c-fc35-41f9-ac7f-dfd097d569d7/

Sincerely,
Saleor Team

-------------------------------------------------------------------------------
a1519315823.55b1519315823.55c1519315823.77d1519315823.77a1519315827.15b1519315827.15c1519315827.58d1519315827.58a1519315889.08b1519315889.08c1519315889.29d1519315889.29a1519315896.04b1519315896.04c1519315896.9d1519315896.9a1519315900.93b1519315900.93c1519315901.54d1519315901.54a1519315949.51b1519315949.51c1519315950.09d1519315950.09a1519315958.32b1519315958.32c1519315958.65d1519315958.65a1519315964.11b1519315964.11c1519315964.4d1519315964.4a1519315971.7b1519315971.7c1519315972.34d1519315972.34MIME-Version: 1.0
Content-Type: text/plain; charset="utf-8"
Content-Transfer-Encoding: 7bit
Subject: Order details
From: None
To: carla.smith@example.com
Date: Thu, 22 Feb 2018 16:13:06 -0000
Message-ID: <20180222161306.2077.134@master>



Hi!

Thank you for your order. To see your payment details please visit:
http://localhost:8000/order/b88beab3-5595-4dfa-a9bb-18cfe8bffa59/

Sincerely,
Saleor Team

-------------------------------------------------------------------------------
a1519315760.55b1519315760.55c1519315760.76d1519315760.76a1519315765.36b1519315765.36c1519315765.94d1519315765.94a1519315766.03b1519315766.03c1519315766.63d1519315766.63a1519315782.09b1519315782.09c1519315782.73d1519315782.73a1519315825.49b1519315825.49c1519315825.93d1519315825.93a1519315829.2b1519315829.2c1519315829.4d1519315829.4a1519315832.49b1519315832.49c1519315833.02d1519315833.02a1519315840.57b1519315840.57c1519315840.9d1519315840.9a1519315893.04b1519315893.04c1519315893.59d1519315893.59a1519315893.76b1519315893.76c1519315894.16d1519315894.16a1519315899.54b1519315899.54c1519315899.76d1519315899.76a1519315906.12b1519315906.12c1519315907.11d1519315907.11a1519315952.1b1519315952.1c1519315952.72d1519315952.72a1519315955.62b1519315955.62c1519315956.02d1519315956.02a1519315958.41b1519315958.41c1519315958.83d1519315958.83MIME-Version: 1.0
Content-Type: text/plain; charset="utf-8"
Content-Transfer-Encoding: 7bit
Subject: Order details
From: None
To: tracy.wood@example.com
Date: Thu, 22 Feb 2018 16:13:16 -0000
Message-ID: <20180222161316.2078.53305@master>



Hi!

Thank you for your order. To see your payment details please visit:
http://localhost:8000/order/c95899d2-d453-4186-9171-d96c34aa9b39/

Sincerely,
Saleor Team

-------------------------------------------------------------------------------
MIME-Version: 1.0
Content-Type: text/plain; charset="utf-8"
Content-Transfer-Encoding: 7bit
Subject: Order details
From: None
To: john.woods@example.com
Date: Thu, 22 Feb 2018 16:13:19 -0000
Message-ID: <20180222161319.2078.85624@master>



Hi!

Thank you for your order. To see your payment details please visit:
http://localhost:8000/order/9d165a6f-0b43-408e-831a-aee528fb4f5e/

Sincerely,
Saleor Team

-------------------------------------------------------------------------------
a1519315892.42b1519315892.42c1519315892.86d1519315892.86a1519315896.41b1519315896.41c1519315897.1d1519315897.1a1519315909.34b1519315909.34c1519315909.92d1519315909.92a1519315953.48b1519315953.48c1519315953.72d1519315953.72a1519315960.58b1519315960.58c1519315961.16d1519315961.16a1519315965.0b1519315965.0c1519315965.26d1519315965.26MIME-Version: 1.0
Content-Type: text/plain; charset="utf-8"
Content-Transfer-Encoding: 7bit
Subject: Order details
From: None
To: shawn.gray@example.com
Date: Thu, 22 Feb 2018 16:13:29 -0000
Message-ID: <20180222161329.2076.76793@master>



Hi!

Thank you for your order. To see your payment details please visit:
http://localhost:8000/order/3b5fa14c-4661-4641-b329-88cc6b30a70d/

Sincerely,
Saleor Team

-------------------------------------------------------------------------------
a1519316027.95b1519316027.95c1519316028.58d1519316028.58a1519316029.14b1519316029.14c1519316029.74d1519316029.74a1519316037.65b1519316037.65c1519316038.15d1519316038.15MIME-Version: 1.0
Content-Type: text/plain; charset="utf-8"
Content-Transfer-Encoding: 7bit
Subject: Order details
From: None
To: nicholas.hill@example.com
Date: Thu, 22 Feb 2018 16:14:27 -0000
Message-ID: <20180222161427.2076.8892@master>



Hi!

Thank you for your order. To see your payment details please visit:
http://localhost:8000/order/1f4312a4-cdf7-4c63-9a03-28881d7eec85/

Sincerely,
Saleor Team

-------------------------------------------------------------------------------
a1519316013.9b1519316013.9c1519316014.48d1519316014.48a1519316028.12b1519316028.12c1519316028.73d1519316028.73MIME-Version: 1.0
Content-Type: text/plain; charset="utf-8"
Content-Transfer-Encoding: 7bit
Subject: Order details
From: None
To: patricia.preston@example.com
Date: Thu, 22 Feb 2018 16:14:39 -0000
Message-ID: <20180222161439.2078.66966@master>



Hi!

Thank you for your order. To see your payment details please visit:
http://localhost:8000/order/6010cc00-ffa6-448d-9520-fa8e0bd4e422/

Sincerely,
Saleor Team

-------------------------------------------------------------------------------
a1519316079.74b1519316079.74c1519316080.44d1519316080.44a1519316081.58b1519316081.58c1519316082.36d1519316082.36a1519316087.95b1519316087.95c1519316088.19d1519316088.19a1519316093.93b1519316093.93c1519316094.46d1519316094.46a1519316096.1b1519316096.1c1519316096.56d1519316096.56a1519316096.59b1519316096.59c1519316097.03d1519316097.03a1519316099.91b1519316099.91c1519316100.92d1519316100.92MIME-Version: 1.0
Content-Type: text/plain; charset="utf-8"
Content-Transfer-Encoding: 7bit
Subject: Order details
From: None
To: amy.scott@example.com
Date: Thu, 22 Feb 2018 16:15:16 -0000
Message-ID: <20180222161516.2078.40046@master>



Hi!

Thank you for your order. To see your payment details please visit:
http://localhost:8000/order/fe699e83-639e-43a2-b310-f39f94b0a588/

Sincerely,
Saleor Team

-------------------------------------------------------------------------------
a1519316085.7b1519316085.7c1519316085.94d1519316085.94a1519316100.32b1519316100.32c1519316101.1d1519316101.1MIME-Version: 1.0
Content-Type: text/plain; charset="utf-8"
Content-Transfer-Encoding: 7bit
Subject: Order details
From: None
To: patricia.garcia@example.com
Date: Thu, 22 Feb 2018 16:15:34 -0000
Message-ID: <20180222161534.2076.93685@master>



Hi!

Thank you for your order. To see your payment details please visit:
http://localhost:8000/order/f9b910e6-e3fb-4309-9ffe-0a465262cd04/

Sincerely,
Saleor Team

-------------------------------------------------------------------------------
a1519316019.26b1519316019.26c1519316019.73d1519316019.73a1519316021.65b1519316021.65c1519316022.16d1519316022.16a1519316023.49b1519316023.49c1519316024.03d1519316024.03a1519316026.52b1519316026.52c1519316026.96d1519316026.96a1519316028.95b1519316028.95c1519316029.55d1519316029.55a1519316090.07b1519316090.07c1519316090.63d1519316090.63MIME-Version: 1.0
Content-Type: text/plain; charset="utf-8"
Content-Transfer-Encoding: 7bit
Subject: Order details
From: None
To: brandon.livingston@example.com
Date: Thu, 22 Feb 2018 16:15:47 -0000
Message-ID: <20180222161547.2077.42990@master>



Hi!

Thank you for your order. To see your payment details please visit:
http://localhost:8000/order/e3da8bf6-ace0-4347-966e-58440d207dd8/

Sincerely,
Saleor Team

-------------------------------------------------------------------------------
a1519316160.71b1519316160.71c1519316161.33d1519316161.33MIME-Version: 1.0
Content-Type: text/plain; charset="utf-8"
Content-Transfer-Encoding: 7bit
Subject: Order details
From: None
To: betty.holloway@example.com
Date: Thu, 22 Feb 2018 16:16:42 -0000
Message-ID: <20180222161642.2076.43311@master>



Hi!

Thank you for your order. To see your payment details please visit:
http://localhost:8000/order/9a3072b9-0910-4ff8-931a-ec29f4adebbb/

Sincerely,
Saleor Team

-------------------------------------------------------------------------------
a1519316143.57b1519316143.57c1519316144.21d1519316144.21a1519316157.84b1519316157.84c1519316158.35d1519316158.35a1519316169.75b1519316169.75c1519316170.37d1519316170.37MIME-Version: 1.0
Content-Type: text/plain; charset="utf-8"
Content-Transfer-Encoding: 7bit
Subject: Order details
From: None
To: megan.johnson@example.com
Date: Thu, 22 Feb 2018 16:16:44 -0000
Message-ID: <20180222161644.2078.84074@master>



Hi!

Thank you for your order. To see your payment details please visit:
http://localhost:8000/order/bff4deb2-9695-46ee-957f-72d4f85049af/

Sincerely,
Saleor Team

-------------------------------------------------------------------------------
a1519316147.32b1519316147.32c1519316147.96d1519316147.96a1519316150.2b1519316150.2c1519316150.81d1519316150.81a1519316158.84b1519316158.84c1519316159.43d1519316159.43a1519316159.89b1519316159.89c1519316160.51d1519316160.51a1519316165.3b1519316165.3c1519316165.77d1519316165.77a1519316173.39b1519316173.39c1519316173.8d1519316173.8MIME-Version: 1.0
Content-Type: text/plain; charset="utf-8"
Content-Transfer-Encoding: 7bit
Subject: Order details
From: None
To: sue.salazar@example.com
Date: Thu, 22 Feb 2018 16:16:46 -0000
Message-ID: <20180222161646.2077.53628@master>



Hi!

Thank you for your order. To see your payment details please visit:
http://localhost:8000/order/77a3bbe4-1243-4c0c-80ab-784de32eccf0/

Sincerely,
Saleor Team

-------------------------------------------------------------------------------
a1519316217.55b1519316217.55c1519316218.15d1519316218.15a1519316225.08b1519316225.08c1519316225.7d1519316225.7a1519316226.41b1519316226.41c1519316227.0d1519316227.0a1519316228.34b1519316228.34c1519316228.9d1519316228.9MIME-Version: 1.0
Content-Type: text/plain; charset="utf-8"
Content-Transfer-Encoding: 7bit
Subject: Order details
From: None
To: ethan.stone@example.com
Date: Thu, 22 Feb 2018 16:17:29 -0000
Message-ID: <20180222161729.2078.66027@master>



Hi!

Thank you for your order. To see your payment details please visit:
http://localhost:8000/order/f9b27caf-a27c-4f23-9f8a-bd326f5b7ce4/

Sincerely,
Saleor Team

-------------------------------------------------------------------------------
a1519316211.96b1519316211.96c1519316212.37d1519316212.37a1519316233.25b1519316233.25c1519316233.45d1519316233.45a1519316238.12b1519316238.12c1519316238.79d1519316238.79MIME-Version: 1.0
Content-Type: text/plain; charset="utf-8"
Content-Transfer-Encoding: 7bit
Subject: Order details
From: None
To: deanna.campbell@example.com
Date: Thu, 22 Feb 2018 16:18:00 -0000
Message-ID: <20180222161800.2076.36222@master>



Hi!

Thank you for your order. To see your payment details please visit:
http://localhost:8000/order/58278e96-659b-4b5a-8378-76ffb795b6ba/

Sincerely,
Saleor Team

-------------------------------------------------------------------------------
a1519316217.98b1519316217.98c1519316218.6d1519316218.6a1519316223.51b1519316223.51c1519316223.77d1519316223.77a1519316224.36b1519316224.36c1519316224.64d1519316224.64a1519316290.11b1519316290.11c1519316290.74d1519316290.74a1519316291.04b1519316291.04c1519316291.81d1519316291.81a1519316291.91b1519316291.91c1519316293.03d1519316293.03a1519316305.78b1519316305.78c1519316306.41d1519316306.41MIME-Version: 1.0
Content-Type: text/plain; charset="utf-8"
Content-Transfer-Encoding: 7bit
Subject: Order details
From: None
To: shawn.gray@example.com
Date: Thu, 22 Feb 2018 16:18:50 -0000
Message-ID: <20180222161850.2077.26658@master>



Hi!

Thank you for your order. To see your payment details please visit:
http://localhost:8000/order/957e69f3-33de-4ca5-bf41-f733ed0e855b/

Sincerely,
Saleor Team

-------------------------------------------------------------------------------
a1519316277.11b1519316277.11c1519316277.73d1519316277.73a1519316287.95b1519316287.95c1519316288.5d1519316288.5MIME-Version: 1.0
Content-Type: text/plain; charset="utf-8"
Content-Transfer-Encoding: 7bit
Subject: Order details
From: None
To: gail.davis@example.com
Date: Thu, 22 Feb 2018 16:18:51 -0000
Message-ID: <20180222161851.2078.57469@master>



Hi!

Thank you for your order. To see your payment details please visit:
http://localhost:8000/order/c6559247-70d5-4d63-a12f-a9ce882e1175/

Sincerely,
Saleor Team

-------------------------------------------------------------------------------
MIME-Version: 1.0
Content-Type: text/plain; charset="utf-8"
Content-Transfer-Encoding: 7bit
Subject: Order details
From: None
To: joe.walker@example.com
Date: Thu, 22 Feb 2018 16:18:58 -0000
Message-ID: <20180222161858.2077.92810@master>



Hi!

Thank you for your order. To see your payment details please visit:
http://localhost:8000/order/53ef1cc4-ba90-48fa-80a8-759a9eebe4a0/

Sincerely,
Saleor Team

-------------------------------------------------------------------------------
a1519316355.9b1519316355.9c1519316356.31d1519316356.31a1519316358.01b1519316358.01c1519316358.44d1519316358.44a1519316366.76b1519316366.76c1519316367.2d1519316367.2a1519316369.66b1519316369.66c1519316370.28d1519316370.28MIME-Version: 1.0
Content-Type: text/plain; charset="utf-8"
Content-Transfer-Encoding: 7bit
Subject: Order details
From: None
To: dennis.villarreal@example.com
Date: Thu, 22 Feb 2018 16:20:02 -0000
Message-ID: <20180222162002.2078.50243@master>



Hi!

Thank you for your order. To see your payment details please visit:
http://localhost:8000/order/960e42f4-f745-409b-9b24-aece772f79cc/

Sincerely,
Saleor Team

-------------------------------------------------------------------------------
MIME-Version: 1.0
Content-Type: text/plain; charset="utf-8"
Content-Transfer-Encoding: 7bit
Subject: Order details
From: None
To: patricia.garcia@example.com
Date: Thu, 22 Feb 2018 16:20:05 -0000
Message-ID: <20180222162005.2078.10512@master>



Hi!

Thank you for your order. To see your payment details please visit:
http://localhost:8000/order/69f37eaa-3a53-482a-bce5-75738fe72279/

Sincerely,
Saleor Team

-------------------------------------------------------------------------------
a1519316354.56b1519316354.56c1519316354.97d1519316354.97MIME-Version: 1.0
Content-Type: text/plain; charset="utf-8"
Content-Transfer-Encoding: 7bit
Subject: Order details
From: None
To: amy.scott@example.com
Date: Thu, 22 Feb 2018 16:20:07 -0000
Message-ID: <20180222162007.2077.9661@master>



Hi!

Thank you for your order. To see your payment details please visit:
http://localhost:8000/order/df776c3a-91a0-4e07-bff7-94c9f0a08b55/

Sincerely,
Saleor Team

-------------------------------------------------------------------------------
a1519316289.63b1519316289.63c1519316290.26d1519316290.26a1519316293.69b1519316293.69c1519316294.33d1519316294.33a1519316296.05b1519316296.05c1519316296.29d1519316296.29a1519316304.8b1519316304.8c1519316305.38d1519316305.38a1519316351.22b1519316351.22c1519316351.82d1519316351.82a1519316351.92b1519316351.92c1519316352.46d1519316352.46a1519316357.44b1519316357.44c1519316357.71d1519316357.71a1519316358.2b1519316358.2c1519316358.83d1519316358.83a1519316360.91b1519316360.91c1519316361.98d1519316361.98a1519316415.58b1519316415.58c1519316415.81d1519316415.81a1519316419.61b1519316419.61c1519316420.37d1519316420.37a1519316426.21b1519316426.21c1519316426.83d1519316426.83a1519316429.8b1519316429.8c1519316430.4d1519316430.4MIME-Version: 1.0
Content-Type: text/plain; charset="utf-8"
Content-Transfer-Encoding: 7bit
Subject: Order details
From: None
To: megan.johnson@example.com
Date: Thu, 22 Feb 2018 16:21:10 -0000
Message-ID: <20180222162110.2076.91950@master>



Hi!

Thank you for your order. To see your payment details please visit:
http://localhost:8000/order/b15573b9-55a8-4a8c-ae2c-2de400cf7a50/

Sincerely,
Saleor Team

-------------------------------------------------------------------------------
a1519316416.8b1519316416.8c1519316417.19d1519316417.19a1519316419.33b1519316419.33c1519316419.93d1519316419.93a1519316424.06b1519316424.06c1519316424.6d1519316424.6a1519316479.38b1519316479.38c1519316479.89d1519316479.89a1519316495.29b1519316495.29c1519316495.95d1519316495.95MIME-Version: 1.0
Content-Type: text/plain; charset="utf-8"
Content-Transfer-Encoding: 7bit
Subject: Order details
From: None
To: sierra.benson@example.com
Date: Thu, 22 Feb 2018 16:21:55 -0000
Message-ID: <20180222162155.2077.78930@master>



Hi!

Thank you for your order. To see your payment details please visit:
http://localhost:8000/order/886cf462-a36c-4cb3-b89c-d3b73c1296e9/

Sincerely,
Saleor Team

-------------------------------------------------------------------------------
MIME-Version: 1.0
Content-Type: text/plain; charset="utf-8"
Content-Transfer-Encoding: 7bit
Subject: Order details
From: None
To: tracy.wood@example.com
Date: Thu, 22 Feb 2018 16:22:20 -0000
Message-ID: <20180222162220.2077.55167@master>



Hi!

Thank you for your order. To see your payment details please visit:
http://localhost:8000/order/d6b7c8de-b6d1-4d3f-8d88-5f0e13732052/

Sincerely,
Saleor Team

-------------------------------------------------------------------------------
a1519316545.64b1519316545.64c1519316546.28d1519316546.28a1519316554.86b1519316554.86c1519316555.33d1519316555.33a1519316557.04b1519316557.04c1519316557.5d1519316557.5a1519316557.57b1519316557.57c1519316558.18d1519316558.18MIME-Version: 1.0
Content-Type: text/plain; charset="utf-8"
Content-Transfer-Encoding: 7bit
Subject: Order details
From: None
To: deanna.campbell@example.com
Date: Thu, 22 Feb 2018 16:23:02 -0000
Message-ID: <20180222162302.2077.96862@master>



Hi!

Thank you for your order. To see your payment details please visit:
http://localhost:8000/order/c223a0c4-cc06-4ae9-ae62-41276e40d326/

Sincerely,
Saleor Team

-------------------------------------------------------------------------------
a1519316479.34b1519316479.34c1519316479.88d1519316479.88a1519316483.19b1519316483.19c1519316483.8d1519316483.8a1519316485.65b1519316485.65c1519316486.21d1519316486.21a1519316487.13b1519316487.13c1519316487.64d1519316487.64a1519316490.77b1519316490.77c1519316491.48d1519316491.48a1519316503.18b1519316503.18c1519316503.72d1519316503.72a1519316543.64b1519316543.64c1519316544.07d1519316544.07a1519316548.92b1519316548.92c1519316549.63d1519316549.63MIME-Version: 1.0
Content-Type: text/plain; charset="utf-8"
Content-Transfer-Encoding: 7bit
Subject: Order details
From: None
To: jessica.welch@example.com
Date: Thu, 22 Feb 2018 16:23:08 -0000
Message-ID: <20180222162308.2076.33021@master>



Hi!

Thank you for your order. To see your payment details please visit:
http://localhost:8000/order/4719abe0-b9fa-471d-903d-aa129725670d/

Sincerely,
Saleor Team

-------------------------------------------------------------------------------
MIME-Version: 1.0
Content-Type: text/plain; charset="utf-8"
Content-Transfer-Encoding: 7bit
Subject: Order details
From: None
To: gail.davis@example.com
Date: Thu, 22 Feb 2018 16:23:20 -0000
Message-ID: <20180222162320.2077.92597@master>



Hi!

Thank you for your order. To see your payment details please visit:
http://localhost:8000/order/2e4a2ffc-1b6b-443e-a1df-9a33e96438f4/

Sincerely,
Saleor Team

-------------------------------------------------------------------------------
a1519316419.05b1519316419.05c1519316419.56d1519316419.56a1519316427.49b1519316427.49c1519316428.58d1519316428.58a1519316438.21b1519316438.21c1519316438.75d1519316438.75a1519316481.51b1519316481.51c1519316482.48d1519316482.48a1519316492.53b1519316492.53c1519316493.15d1519316493.15a1519316544.7b1519316544.7c1519316545.27d1519316545.27a1519316559.47b1519316559.47c1519316560.07d1519316560.07a1519316561.66b1519316561.66c1519316562.25d1519316562.25a1519316568.69b1519316568.69c1519316569.29d1519316569.29MIME-Version: 1.0
Content-Type: text/plain; charset="utf-8"
Content-Transfer-Encoding: 7bit
Subject: Order details
From: None
To: joe.walker@example.com
Date: Thu, 22 Feb 2018 16:23:22 -0000
Message-ID: <20180222162322.2078.34255@master>



Hi!

Thank you for your order. To see your payment details please visit:
http://localhost:8000/order/f7ae7e9f-c09c-4c8f-b6b7-2279ce27b7a2/

Sincerely,
Saleor Team

-------------------------------------------------------------------------------
a1519316616.51b1519316616.51c1519316617.13d1519316617.13a1519316621.94b1519316621.94c1519316622.55d1519316622.55MIME-Version: 1.0
Content-Type: text/plain; charset="utf-8"
Content-Transfer-Encoding: 7bit
Subject: Order details
From: None
To: frank.morris@example.com
Date: Thu, 22 Feb 2018 16:24:27 -0000
Message-ID: <20180222162427.2076.44732@master>



Hi!

Thank you for your order. To see your payment details please visit:
http://localhost:8000/order/a17b1e96-c357-429a-87dd-c34ea1a411b6/

Sincerely,
Saleor Team

-------------------------------------------------------------------------------
a1519316612.3b1519316612.3c1519316612.94d1519316612.94a1519316614.53b1519316614.53c1519316615.16d1519316615.16a1519316619.94b1519316619.94c1519316620.54d1519316620.54a1519316621.69b1519316621.69c1519316622.47d1519316622.47a1519316624.97b1519316624.97c1519316625.61d1519316625.61MIME-Version: 1.0
Content-Type: text/plain; charset="utf-8"
Content-Transfer-Encoding: 7bit
Subject: Order details
From: None
To: amy.scott@example.com
Date: Thu, 22 Feb 2018 16:24:27 -0000
Message-ID: <20180222162427.2078.67617@master>



Hi!

Thank you for your order. To see your payment details please visit:
http://localhost:8000/order/d677a603-5fb2-4264-a015-2c9a00d0b9b9/

Sincerely,
Saleor Team

-------------------------------------------------------------------------------
a1519316607.18b1519316607.18c1519316607.68d1519316607.68a1519316610.49b1519316610.49c1519316610.69d1519316610.69a1519316641.62b1519316641.62c1519316642.23d1519316642.23a1519316683.92b1519316683.92c1519316684.15d1519316684.15a1519316689.7b1519316689.7c1519316690.32d1519316690.32a1519316691.41b1519316691.41c1519316692.03d1519316692.03MIME-Version: 1.0
Content-Type: text/plain; charset="utf-8"
Content-Transfer-Encoding: 7bit
Subject: Order details
From: None
To: patricia.garcia@example.com
Date: Thu, 22 Feb 2018 16:25:18 -0000
Message-ID: <20180222162518.2077.56262@master>



Hi!

Thank you for your order. To see your payment details please visit:
http://localhost:8000/order/50ff4ec3-00f0-4bde-9afc-e7234691f729/

Sincerely,
Saleor Team

-------------------------------------------------------------------------------
a1519316676.72b1519316676.72c1519316677.38d1519316677.38a1519316682.33b1519316682.33c1519316682.72d1519316682.72a1519316688.22b1519316688.22c1519316688.69d1519316688.69a1519316691.67b1519316691.67c1519316692.27d1519316692.27a1519316710.75b1519316710.75c1519316711.41d1519316711.41a1519316749.81b1519316749.81c1519316750.39d1519316750.39a1519316755.04b1519316755.04c1519316755.65d1519316755.65a1519316757.69b1519316757.69c1519316758.69d1519316758.69a1519316760.97b1519316760.97c1519316761.18d1519316761.18a1519316762.57b1519316762.57c1519316763.21d1519316763.21MIME-Version: 1.0
Content-Type: text/plain; charset="utf-8"
Content-Transfer-Encoding: 7bit
Subject: Order details
From: None
To: sue.salazar@example.com
Date: Thu, 22 Feb 2018 16:26:35 -0000
Message-ID: <20180222162635.2076.38308@master>



Hi!

Thank you for your order. To see your payment details please visit:
http://localhost:8000/order/689869d4-03a8-4f51-a9b4-9e6363a8e2bd/

Sincerely,
Saleor Team

-------------------------------------------------------------------------------
a1519316677.2b1519316677.2c1519316677.83d1519316677.83a1519316690.29b1519316690.29c1519316690.93d1519316690.93a1519316754.01b1519316754.01c1519316754.24d1519316754.24a1519316765.52b1519316765.52c1519316766.15d1519316766.15a1519316775.3b1519316775.3c1519316775.93d1519316775.93MIME-Version: 1.0
Content-Type: text/plain; charset="utf-8"
Content-Transfer-Encoding: 7bit
Subject: Order details
From: None
To: amanda.rodriguez@example.com
Date: Thu, 22 Feb 2018 16:26:39 -0000
Message-ID: <20180222162639.2078.85581@master>



Hi!

Thank you for your order. To see your payment details please visit:
http://localhost:8000/order/62f038cd-7955-4d7d-ad46-125655f1af26/

Sincerely,
Saleor Team

-------------------------------------------------------------------------------
a1519316748.57b1519316748.57c1519316749.1d1519316749.1a1519316754.47b1519316754.47c1519316755.18d1519316755.18MIME-Version: 1.0
Content-Type: text/plain; charset="utf-8"
Content-Transfer-Encoding: 7bit
Subject: Order details
From: None
To: sierra.benson@example.com
Date: Thu, 22 Feb 2018 16:26:40 -0000
Message-ID: <20180222162640.2077.33244@master>



Hi!

Thank you for your order. To see your payment details please visit:
http://localhost:8000/order/d07b442a-dda1-4820-b035-b514307f123d/

Sincerely,
Saleor Team

-------------------------------------------------------------------------------
MIME-Version: 1.0
Content-Type: text/plain; charset="utf-8"
Content-Transfer-Encoding: 7bit
Subject: Order details
From: None
To: ashley.collins@example.com
Date: Thu, 22 Feb 2018 16:26:51 -0000
Message-ID: <20180222162651.2077.42444@master>



Hi!

Thank you for your order. To see your payment details please visit:
http://localhost:8000/order/ffa1bff9-9dd0-4a3e-87fb-65812a0da871/

Sincerely,
Saleor Team

-------------------------------------------------------------------------------
MIME-Version: 1.0
Content-Type: text/plain; charset="utf-8"
Content-Transfer-Encoding: 7bit
Subject: Order details
From: None
To: carla.smith@example.com
Date: Thu, 22 Feb 2018 16:26:59 -0000
Message-ID: <20180222162659.2078.97694@master>



Hi!

Thank you for your order. To see your payment details please visit:
http://localhost:8000/order/a3a6728b-995c-441e-8a9e-56b26fd8dd9a/

Sincerely,
Saleor Team

-------------------------------------------------------------------------------
a1519316824.36b1519316824.36c1519316824.88d1519316824.88a1519316833.89b1519316833.89c1519316834.52d1519316834.52MIME-Version: 1.0
Content-Type: text/plain; charset="utf-8"
Content-Transfer-Encoding: 7bit
Subject: Order details
From: None
To: gail.davis@example.com
Date: Thu, 22 Feb 2018 16:28:01 -0000
Message-ID: <20180222162801.2078.36010@master>



Hi!

Thank you for your order. To see your payment details please visit:
http://localhost:8000/order/f35c72ef-c11c-405c-a036-17ee20f02386/

Sincerely,
Saleor Team

-------------------------------------------------------------------------------
a1519316903.01b1519316903.01c1519316903.65d1519316903.65a1519316908.13b1519316908.13c1519316908.74d1519316908.74MIME-Version: 1.0
Content-Type: text/plain; charset="utf-8"
Content-Transfer-Encoding: 7bit
Subject: Order details
From: None
To: 2@qq.com
Date: Thu, 22 Feb 2018 16:29:00 -0000
Message-ID: <20180222162900.2078.76799@master>



Hi!

Thank you for your order. To see your payment details please visit:
http://localhost:8000/order/7193586e-9c9e-4f4b-b8cc-1bdefdc6a311/

Sincerely,
Saleor Team

-------------------------------------------------------------------------------
a1519316816.06b1519316816.06c1519316816.71d1519316816.71a1519316820.47b1519316820.47c1519316820.77d1519316820.77a1519316827.09b1519316827.09c1519316827.71d1519316827.71a1519316834.99b1519316834.99c1519316835.62d1519316835.62a1519316841.07b1519316841.07c1519316841.62d1519316841.62a1519316881.15b1519316881.15c1519316881.78d1519316881.78a1519316883.15b1519316883.15c1519316883.75d1519316883.75a1519316887.04b1519316887.04c1519316887.62d1519316887.62a1519316889.67b1519316889.67c1519316890.08d1519316890.08a1519316892.25b1519316892.25c1519316892.86d1519316892.86a1519316906.51b1519316906.51c1519316907.19d1519316907.19a1519316952.87b1519316952.87c1519316953.52d1519316953.52a1519316964.52b1519316964.52c1519316965.14d1519316965.14a1519316965.48b1519316965.48c1519316965.98d1519316965.98MIME-Version: 1.0
Content-Type: text/plain; charset="utf-8"
Content-Transfer-Encoding: 7bit
Subject: Order details
From: None
To: amy.scott@example.com
Date: Thu, 22 Feb 2018 16:29:39 -0000
Message-ID: <20180222162939.2077.38380@master>



Hi!

Thank you for your order. To see your payment details please visit:
http://localhost:8000/order/ce7da17c-b0b4-43da-96f3-e018960a3f8a/

Sincerely,
Saleor Team

-------------------------------------------------------------------------------
a1519316944.25b1519316944.25c1519316944.87d1519316944.87a1519316961.39b1519316961.39c1519316961.96d1519316961.96a1519316976.87b1519316976.87c1519316977.2d1519316977.2MIME-Version: 1.0
Content-Type: text/plain; charset="utf-8"
Content-Transfer-Encoding: 7bit
Subject: Order details
From: None
To: cynthia.cole@example.com
Date: Thu, 22 Feb 2018 16:30:04 -0000
Message-ID: <20180222163004.2078.17999@master>



Hi!

Thank you for your order. To see your payment details please visit:
http://localhost:8000/order/973cb7b3-5f59-420c-8b58-0d8c0cfa57f5/

Sincerely,
Saleor Team

-------------------------------------------------------------------------------
a1519316980.56b1519316980.56c1519316981.05d1519316981.05MIME-Version: 1.0
Content-Type: text/plain; charset="utf-8"
Content-Transfer-Encoding: 7bit
Subject: Order details
From: None
To: carolyn.ortiz@example.com
Date: Thu, 22 Feb 2018 16:30:10 -0000
Message-ID: <20180222163010.2077.7083@master>



Hi!

Thank you for your order. To see your payment details please visit:
http://localhost:8000/order/6372f8d9-e08b-4fb5-879b-cc95f99dbc2d/

Sincerely,
Saleor Team

-------------------------------------------------------------------------------
MIME-Version: 1.0
Content-Type: text/plain; charset="utf-8"
Content-Transfer-Encoding: 7bit
Subject: Order details
From: None
To: victoria.kennedy@example.com
Date: Thu, 22 Feb 2018 16:30:24 -0000
Message-ID: <20180222163024.2078.88791@master>



Hi!

Thank you for your order. To see your payment details please visit:
http://localhost:8000/order/569bd6aa-fd5a-4641-8090-8631ad1cf3f9/

Sincerely,
Saleor Team

-------------------------------------------------------------------------------
a1519316816.07b1519316816.07c1519316817.2d1519316817.2a1519316824.96b1519316824.96c1519316825.61d1519316825.61a1519316827.26b1519316827.26c1519316827.88d1519316827.88a1519316886.12b1519316886.12c1519316886.46d1519316886.46a1519316894.57b1519316894.57c1519316895.2d1519316895.2a1519316952.35b1519316952.35c1519316952.98d1519316952.98a1519316953.69b1519316953.69c1519316954.33d1519316954.33a1519316979.72b1519316979.72c1519316980.32d1519316980.32a1519317030.53b1519317030.53c1519317031.18d1519317031.18a1519317046.7b1519317046.7c1519317047.3d1519317047.3MIME-Version: 1.0
Content-Type: text/plain; charset="utf-8"
Content-Transfer-Encoding: 7bit
Subject: Order details
From: None
To: sue.salazar@example.com
Date: Thu, 22 Feb 2018 16:31:13 -0000
Message-ID: <20180222163113.2076.11715@master>



Hi!

Thank you for your order. To see your payment details please visit:
http://localhost:8000/order/aad8686f-4bd1-4c7f-b088-66a5887a101b/

Sincerely,
Saleor Team

-------------------------------------------------------------------------------
a1519317029.79b1519317029.79c1519317030.13d1519317030.13a1519317040.97b1519317040.97c1519317041.61d1519317041.62a1519317056.24b1519317056.24c1519317056.91d1519317056.91a1519317059.13b1519317059.13c1519317059.78d1519317059.78MIME-Version: 1.0
Content-Type: text/plain; charset="utf-8"
Content-Transfer-Encoding: 7bit
Subject: Order details
From: None
To: frederick.cooley@example.com
Date: Thu, 22 Feb 2018 16:31:23 -0000
Message-ID: <20180222163123.2078.82289@master>



Hi!

Thank you for your order. To see your payment details please visit:
http://localhost:8000/order/fe2d18dd-b281-4351-b71c-61d80fc4a5d4/

Sincerely,
Saleor Team

-------------------------------------------------------------------------------
a1519317014.97b1519317014.97c1519317015.62d1519317015.62a1519317016.77b1519317016.77c1519317017.39d1519317017.39a1519317019.76b1519317019.76c1519317020.49d1519317020.49a1519317026.02b1519317026.02c1519317026.6d1519317026.6a1519317077.65b1519317077.65c1519317078.29d1519317078.29a1519317082.51b1519317082.51c1519317083.21d1519317083.21a1519317091.13b1519317091.13c1519317091.78d1519317091.78a1519317097.99b1519317097.99c1519317098.64d1519317098.64MIME-Version: 1.0
Content-Type: text/plain; charset="utf-8"
Content-Transfer-Encoding: 7bit
Subject: Order details
From: None
To: nicole.martinez@example.com
Date: Thu, 22 Feb 2018 16:32:00 -0000
Message-ID: <20180222163200.2077.82685@master>



Hi!

Thank you for your order. To see your payment details please visit:
http://localhost:8000/order/e9270098-7bbc-4751-bd4a-93a81bc6dc46/

Sincerely,
Saleor Team

-------------------------------------------------------------------------------
a1519317097.79b1519317097.79c1519317098.43d1519317098.43a1519317122.0b1519317122.0c1519317122.68d1519317122.68MIME-Version: 1.0
Content-Type: text/plain; charset="utf-8"
Content-Transfer-Encoding: 7bit
Subject: Order details
From: None
To: carla.smith@example.com
Date: Thu, 22 Feb 2018 16:32:08 -0000
Message-ID: <20180222163208.2076.29909@master>



Hi!

Thank you for your order. To see your payment details please visit:
http://localhost:8000/order/a21e0031-728c-457e-b237-2b6078b19f7f/

Sincerely,
Saleor Team

-------------------------------------------------------------------------------
MIME-Version: 1.0
Content-Type: text/plain; charset="utf-8"
Content-Transfer-Encoding: 7bit
Subject: Order details
From: None
To: tracy.wood@example.com
Date: Thu, 22 Feb 2018 16:32:22 -0000
Message-ID: <20180222163222.2077.93733@master>



Hi!

Thank you for your order. To see your payment details please visit:
http://localhost:8000/order/cc0c1052-99a0-4579-ac58-3ba0524d561d/

Sincerely,
Saleor Team

-------------------------------------------------------------------------------
MIME-Version: 1.0
Content-Type: text/plain; charset="utf-8"
Content-Transfer-Encoding: 7bit
Subject: Order details
From: None
To: mary.miller@example.com
Date: Thu, 22 Feb 2018 16:32:36 -0000
Message-ID: <20180222163236.2076.90107@master>



Hi!

Thank you for your order. To see your payment details please visit:
http://localhost:8000/order/ac98a3fb-adb5-4599-bddb-1829840cc5c6/

Sincerely,
Saleor Team

-------------------------------------------------------------------------------
a1519317172.46b1519317172.46c1519317172.86d1519317172.86MIME-Version: 1.0
Content-Type: text/plain; charset="utf-8"
Content-Transfer-Encoding: 7bit
Subject: Order details
From: None
To: adam.carpenter@example.com
Date: Thu, 22 Feb 2018 16:32:55 -0000
Message-ID: <20180222163255.2076.74916@master>



Hi!

Thank you for your order. To see your payment details please visit:
http://localhost:8000/order/d105dde3-f45c-47b2-adbf-025eac0d08b9/

Sincerely,
Saleor Team

-------------------------------------------------------------------------------
a1519317086.84b1519317086.84c1519317087.45d1519317087.45a1519317108.27b1519317108.27c1519317108.91d1519317108.91a1519317110.29b1519317110.29c1519317110.92d1519317110.92a1519317130.63b1519317130.63c1519317131.24d1519317131.24a1519317142.01b1519317142.01c1519317142.63d1519317142.63a1519317151.71b1519317151.71c1519317152.36d1519317152.36MIME-Version: 1.0
Content-Type: text/plain; charset="utf-8"
Content-Transfer-Encoding: 7bit
Subject: Order details
From: None
To: gail.davis@example.com
Date: Thu, 22 Feb 2018 16:33:08 -0000
Message-ID: <20180222163308.2078.93195@master>



Hi!

Thank you for your order. To see your payment details please visit:
http://localhost:8000/order/0b614bcf-cb35-43ef-8696-fa756cdd4a25/

Sincerely,
Saleor Team

-------------------------------------------------------------------------------
MIME-Version: 1.0
Content-Type: text/plain; charset="utf-8"
Content-Transfer-Encoding: 7bit
Subject: Order details
From: None
To: joe.walker@example.com
Date: Thu, 22 Feb 2018 16:33:28 -0000
Message-ID: <20180222163328.2078.65133@master>



Hi!

Thank you for your order. To see your payment details please visit:
http://localhost:8000/order/833baa5a-298a-4155-a70b-5b9253ff6b7e/

Sincerely,
Saleor Team

-------------------------------------------------------------------------------
a1519317221.1b1519317221.1c1519317221.85d1519317221.85MIME-Version: 1.0
Content-Type: text/plain; charset="utf-8"
Content-Transfer-Encoding: 7bit
Subject: Order details
From: None
To: 2@qq.com
Date: Thu, 22 Feb 2018 16:33:48 -0000
Message-ID: <20180222163348.2078.18199@master>



Hi!

Thank you for your order. To see your payment details please visit:
http://localhost:8000/order/b95c6057-69ae-4cc0-9078-13b2ef52d245/

Sincerely,
Saleor Team

-------------------------------------------------------------------------------
MIME-Version: 1.0
Content-Type: text/plain; charset="utf-8"
Content-Transfer-Encoding: 7bit
Subject: Order details
From: None
To: amy.scott@example.com
Date: Thu, 22 Feb 2018 16:34:27 -0000
Message-ID: <20180222163427.2078.72131@master>



Hi!

Thank you for your order. To see your payment details please visit:
http://localhost:8000/order/bf518491-c59e-480d-a59b-96e3b76aa150/

Sincerely,
Saleor Team

-------------------------------------------------------------------------------
a1519317268.01b1519317268.01c1519317268.64d1519317268.64a1519317275.48b1519317275.48c1519317276.09d1519317276.09MIME-Version: 1.0
Content-Type: text/plain; charset="utf-8"
Content-Transfer-Encoding: 7bit
Subject: Order details
From: None
To: dennis.villarreal@example.com
Date: Thu, 22 Feb 2018 16:34:48 -0000
Message-ID: <20180222163448.2078.50054@master>



Hi!

Thank you for your order. To see your payment details please visit:
http://localhost:8000/order/944a84b9-a014-497e-a801-a4d33e57fc24/

Sincerely,
Saleor Team

-------------------------------------------------------------------------------
a1519317227.27b1519317227.27c1519317227.9d1519317227.9a1519317233.04b1519317233.04c1519317233.67d1519317233.67a1519317246.1b1519317246.1c1519317246.71d1519317246.71a1519317251.01b1519317251.01c1519317251.62d1519317251.62a1519317256.44b1519317256.44c1519317257.09d1519317257.09MIME-Version: 1.0
Content-Type: text/plain; charset="utf-8"
Content-Transfer-Encoding: 7bit
Subject: Order details
From: None
To: cynthia.cole@example.com
Date: Thu, 22 Feb 2018 16:34:53 -0000
Message-ID: <20180222163453.2076.99863@master>



Hi!

Thank you for your order. To see your payment details please visit:
http://localhost:8000/order/19feb066-1afa-4b98-85a2-b95f636af845/

Sincerely,
Saleor Team

-------------------------------------------------------------------------------
a1519317152.13b1519317152.13c1519317152.79d1519317152.79a1519317153.97b1519317153.97c1519317154.5d1519317154.5a1519317170.0b1519317170.0c1519317170.55d1519317170.55a1519317174.56b1519317174.56c1519317175.17d1519317175.17a1519317187.11b1519317187.11c1519317187.72d1519317187.72a1519317187.79b1519317187.79c1519317188.46d1519317188.46a1519317201.03b1519317201.03c1519317201.67d1519317201.67a1519317206.05b1519317206.05c1519317206.64d1519317206.64a1519317226.21b1519317226.21c1519317226.79d1519317226.79a1519317245.57b1519317245.57c1519317246.34d1519317246.34a1519317290.7b1519317290.7c1519317291.33d1519317291.33a1519317293.84b1519317293.84c1519317294.49d1519317294.49MIME-Version: 1.0
Content-Type: text/plain; charset="utf-8"
Content-Transfer-Encoding: 7bit
Subject: Order details
From: None
To: james.johnson@example.com
Date: Thu, 22 Feb 2018 16:35:40 -0000
Message-ID: <20180222163540.2077.54486@master>



Hi!

Thank you for your order. To see your payment details please visit:
http://localhost:8000/order/7701d728-595b-4758-af31-5c57c603a9b8/

Sincerely,
Saleor Team

-------------------------------------------------------------------------------
a1519317300.59b1519317300.59c1519317301.16d1519317301.16a1519317311.78b1519317311.78c1519317312.43d1519317312.43a1519317348.84b1519317348.84c1519317349.4d1519317349.4MIME-Version: 1.0
Content-Type: text/plain; charset="utf-8"
Content-Transfer-Encoding: 7bit
Subject: Order details
From: None
To: betty.holloway@example.com
Date: Thu, 22 Feb 2018 16:35:53 -0000
Message-ID: <20180222163553.2076.24953@master>



Hi!

Thank you for your order. To see your payment details please visit:
http://localhost:8000/order/b3d35152-f16c-448b-9686-553ae03ae2f2/

Sincerely,
Saleor Team

-------------------------------------------------------------------------------
MIME-Version: 1.0
Content-Type: text/plain; charset="utf-8"
Content-Transfer-Encoding: 7bit
Subject: Order details
From: None
To: sue.salazar@example.com
Date: Thu, 22 Feb 2018 16:36:05 -0000
Message-ID: <20180222163605.2076.88662@master>



Hi!

Thank you for your order. To see your payment details please visit:
http://localhost:8000/order/e278b5a4-cbd3-412f-b73f-bd55d2af106c/

Sincerely,
Saleor Team

-------------------------------------------------------------------------------
a1519317294.59b1519317294.59c1519317295.24d1519317295.24a1519317314.5b1519317314.5c1519317315.12d1519317315.12a1519317319.99b1519317319.99c1519317320.61d1519317320.61a1519317326.7b1519317326.7c1519317327.31d1519317327.31a1519317332.68b1519317332.68c1519317333.3d1519317333.3MIME-Version: 1.0
Content-Type: text/plain; charset="utf-8"
Content-Transfer-Encoding: 7bit
Subject: Order details
From: None
To: sierra.benson@example.com
Date: Thu, 22 Feb 2018 16:36:25 -0000
Message-ID: <20180222163625.2078.4232@master>



Hi!

Thank you for your order. To see your payment details please visit:
http://localhost:8000/order/70f20ee6-f21d-41d4-b266-b2e6bf733677/

Sincerely,
Saleor Team

-------------------------------------------------------------------------------
a1519317378.43b1519317378.43c1519317378.93d1519317378.93a1519317380.86b1519317380.86c1519317381.51d1519317381.51a1519317411.16b1519317411.16c1519317411.81d1519317411.81MIME-Version: 1.0
Content-Type: text/plain; charset="utf-8"
Content-Transfer-Encoding: 7bit
Subject: Order details
From: None
To: john.woods@example.com
Date: Thu, 22 Feb 2018 16:36:59 -0000
Message-ID: <20180222163659.2076.25583@master>



Hi!

Thank you for your order. To see your payment details please visit:
http://localhost:8000/order/8518cb1b-1385-475c-bfd3-8e406bce6f3c/

Sincerely,
Saleor Team

-------------------------------------------------------------------------------
a1519317361.08b1519317361.08c1519317361.55d1519317361.55a1519317365.48b1519317365.48c1519317365.91d1519317365.91a1519317371.55b1519317371.55c1519317372.07d1519317372.07a1519317373.64b1519317373.64c1519317374.26d1519317374.26a1519317382.26b1519317382.26c1519317382.92d1519317382.92a1519317396.37b1519317396.37c1519317396.97d1519317396.97MIME-Version: 1.0
Content-Type: text/plain; charset="utf-8"
Content-Transfer-Encoding: 7bit
Subject: Order details
From: None
To: tracy.wood@example.com
Date: Thu, 22 Feb 2018 16:37:04 -0000
Message-ID: <20180222163704.2077.36041@master>



Hi!

Thank you for your order. To see your payment details please visit:
http://localhost:8000/order/0ad50295-401d-4707-946d-997ce53b6574/

Sincerely,
Saleor Team

-------------------------------------------------------------------------------
a1519317387.24b1519317387.24c1519317387.45d1519317387.45a1519317415.39b1519317415.39c1519317416.06d1519317416.06MIME-Version: 1.0
Content-Type: text/plain; charset="utf-8"
Content-Transfer-Encoding: 7bit
Subject: Order details
From: None
To: carla.smith@example.com
Date: Thu, 22 Feb 2018 16:37:04 -0000
Message-ID: <20180222163704.2078.62014@master>



Hi!

Thank you for your order. To see your payment details please visit:
http://localhost:8000/order/a3546cd2-c01b-4196-99f3-063cffe2a465/

Sincerely,
Saleor Team

-------------------------------------------------------------------------------
a1519317429.13b1519317429.13c1519317429.76d1519317429.76a1519317433.58b1519317433.58c1519317433.97d1519317433.97%%%%%%%%%%%%%%%%%%%%%%%%%%%%%%%%%%%%%%%%%%%%%%%%%%%%%%%%
