%%%%%%%%%%%%%%%%%%%%%%%%%%%%%%%%%%%%%%%%%%%%%%%%%%%%%%%%
a1519282411.44b1519282411.44c1519282411.98d1519282411.98a1519282412.24b1519282412.24c1519282412.86d1519282412.86a1519282412.95b1519282412.95c1519282413.48d1519282413.48MIME-Version: 1.0
Content-Type: text/plain; charset="utf-8"
Content-Transfer-Encoding: 7bit
Subject: Order details
From: None
To: dawn.lindsey@example.com
Date: Thu, 22 Feb 2018 06:54:09 -0000
Message-ID: <20180222065409.2076.79990@master>



Hi!

Thank you for your order. To see your payment details please visit:
http://localhost:8000/order/00d5e01e-67e1-42ec-9665-cb3611877328/

Sincerely,
Saleor Team

-------------------------------------------------------------------------------
%%%%%%%%%%%%%%%%%%%%%%%%%%%%%%%%%%%%%%%%%%%%%%%%%%%%%%%%
a1519282411.44b1519282411.44c1519282411.96d1519282411.96a1519282412.09b1519282412.09c1519282412.81d1519282412.81a1519282412.9b1519282412.9c1519282413.49d1519282413.49MIME-Version: 1.0
Content-Type: text/plain; charset="utf-8"
Content-Transfer-Encoding: 7bit
Subject: Order details
From: None
To: dennis.villarreal@example.com
Date: Thu, 22 Feb 2018 06:54:13 -0000
Message-ID: <20180222065413.2075.60507@master>



Hi!

Thank you for your order. To see your payment details please visit:
http://localhost:8000/order/e7e08343-ba5c-4160-aced-52e9178ef524/

Sincerely,
Saleor Team

-------------------------------------------------------------------------------
a1519282463.03b1519282463.03c1519282463.56d1519282463.56a1519282470.57b1519282470.57c1519282470.84d1519282470.84a1519282474.38b1519282474.38c1519282474.85d1519282474.85a1519282475.61b1519282475.61c1519282476.16d1519282476.16a1519282476.26b1519282476.26c1519282476.62d1519282476.62a1519282476.72b1519282476.72c1519282477.12d1519282477.12MIME-Version: 1.0
Content-Type: text/plain; charset="utf-8"
Content-Transfer-Encoding: 7bit
Subject: Order details
From: None
To: susan.valenzuela@example.com
Date: Thu, 22 Feb 2018 06:55:11 -0000
Message-ID: <20180222065511.2076.22965@master>



Hi!

Thank you for your order. To see your payment details please visit:
http://localhost:8000/order/3b11f09c-6e81-42d0-97b7-70fd7fa29929/

Sincerely,
Saleor Team

-------------------------------------------------------------------------------
a1519282473.03b1519282473.03c1519282473.79d1519282473.79MIME-Version: 1.0
Content-Type: text/plain; charset="utf-8"
Content-Transfer-Encoding: 7bit
Subject: Order details
From: None
To: frederick.cooley@example.com
Date: Thu, 22 Feb 2018 06:55:16 -0000
Message-ID: <20180222065516.2075.84359@master>



Hi!

Thank you for your order. To see your payment details please visit:
http://localhost:8000/order/d5f470c2-a916-4fa7-a12b-5e848d3afd0e/

Sincerely,
Saleor Team

-------------------------------------------------------------------------------
a1519282529.39b1519282529.39c1519282529.93d1519282529.93a1519282534.45b1519282534.45c1519282534.89d1519282534.89a1519282536.93b1519282536.93c1519282537.62d1519282537.62MIME-Version: 1.0
Content-Type: text/plain; charset="utf-8"
Content-Transfer-Encoding: 7bit
Subject: Order details
From: None
To: kathryn.lawrence@example.com
Date: Thu, 22 Feb 2018 06:56:13 -0000
Message-ID: <20180222065613.2076.42947@master>



Hi!

Thank you for your order. To see your payment details please visit:
http://localhost:8000/order/33fbb973-f607-4098-bfd4-50ce51c7d426/

Sincerely,
Saleor Team

-------------------------------------------------------------------------------
a1519282529.22b1519282529.22c1519282529.71d1519282529.71a1519282529.84b1519282529.84c1519282530.62d1519282530.62a1519282532.09b1519282532.09c1519282532.63d1519282532.63a1519282584.45b1519282584.45c1519282585.04d1519282585.04a1519282589.86b1519282589.86c1519282590.5d1519282590.5a1519282590.83b1519282590.83c1519282591.42d1519282591.42a1519282594.97b1519282594.97c1519282595.19d1519282595.19a1519282603.77b1519282603.77c1519282604.37d1519282604.37MIME-Version: 1.0
Content-Type: text/plain; charset="utf-8"
Content-Transfer-Encoding: 7bit
Subject: Order details
From: None
To: joe.walker@example.com
Date: Thu, 22 Feb 2018 06:57:07 -0000
Message-ID: <20180222065707.2075.8886@master>



Hi!

Thank you for your order. To see your payment details please visit:
http://localhost:8000/order/a979579b-2fb9-4f21-bac7-155529584431/

Sincerely,
Saleor Team

-------------------------------------------------------------------------------
MIME-Version: 1.0
Content-Type: text/plain; charset="utf-8"
Content-Transfer-Encoding: 7bit
Subject: Order details
From: None
To: christopher.jensen@example.com
Date: Thu, 22 Feb 2018 06:57:10 -0000
Message-ID: <20180222065710.2075.86049@master>



Hi!

Thank you for your order. To see your payment details please visit:
http://localhost:8000/order/a8fecc3a-931b-4ba8-9361-b70f56b1f384/

Sincerely,
Saleor Team

-------------------------------------------------------------------------------
%%%%%%%%%%%%%%%%%%%%%%%%%%%%%%%%%%%%%%%%%%%%%%%%%%%%%%%%
a1519282411.46b1519282411.46c1519282411.97d1519282411.97a1519282412.11b1519282412.11c1519282412.86d1519282412.86a1519282412.91b1519282412.91c1519282413.44d1519282413.44a1519282472.01b1519282472.01c1519282472.22d1519282472.22a1519282472.68b1519282472.68c1519282472.98d1519282472.98a1519282474.64b1519282474.64c1519282475.13d1519282475.13a1519282520.24b1519282520.24c1519282520.79d1519282520.79a1519282529.23b1519282529.23c1519282529.73d1519282529.73a1519282531.16b1519282531.16c1519282531.85d1519282531.85a1519282533.69b1519282533.69c1519282534.24d1519282534.24a1519282582.14b1519282582.14c1519282582.69d1519282582.69a1519282589.77b1519282589.77c1519282590.2d1519282590.2a1519282591.51b1519282591.51c1519282592.28d1519282592.28MIME-Version: 1.0
Content-Type: text/plain; charset="utf-8"
Content-Transfer-Encoding: 7bit
Subject: Order details
From: None
To: gail.davis@example.com
Date: Thu, 22 Feb 2018 06:57:13 -0000
Message-ID: <20180222065713.2077.602@master>



Hi!

Thank you for your order. To see your payment details please visit:
http://localhost:8000/order/24977f22-9f3a-4018-a7e8-d60d2ddfd0dd/

Sincerely,
Saleor Team

-------------------------------------------------------------------------------
a1519282648.08b1519282648.08c1519282648.58d1519282648.58a1519282655.53b1519282655.53c1519282656.1d1519282656.1MIME-Version: 1.0
Content-Type: text/plain; charset="utf-8"
Content-Transfer-Encoding: 7bit
Subject: Order details
From: None
To: 2@qq.com
Date: Thu, 22 Feb 2018 06:58:05 -0000
Message-ID: <20180222065805.2075.87421@master>



Hi!

Thank you for your order. To see your payment details please visit:
http://localhost:8000/order/c3421c59-8324-47a9-8a17-1f5c5f93ff3f/

Sincerely,
Saleor Team

-------------------------------------------------------------------------------
MIME-Version: 1.0
Content-Type: text/plain; charset="utf-8"
Content-Transfer-Encoding: 7bit
Subject: Order details
From: None
To: amy.scott@example.com
Date: Thu, 22 Feb 2018 06:58:14 -0000
Message-ID: <20180222065814.2075.58254@master>



Hi!

Thank you for your order. To see your payment details please visit:
http://localhost:8000/order/350878fe-1afb-420a-9d1d-17065cd51f5c/

Sincerely,
Saleor Team

-------------------------------------------------------------------------------
a1519282590.77b1519282590.77c1519282591.43d1519282591.43a1519282591.58b1519282591.58c1519282592.25d1519282592.25a1519282646.51b1519282646.51c1519282646.74d1519282646.74a1519282650.36b1519282650.36c1519282650.93d1519282650.93a1519282653.77b1519282653.77c1519282653.97d1519282653.97MIME-Version: 1.0
Content-Type: text/plain; charset="utf-8"
Content-Transfer-Encoding: 7bit
Subject: Order details
From: None
To: sheila.payne@example.com
Date: Thu, 22 Feb 2018 06:58:20 -0000
Message-ID: <20180222065820.2076.34435@master>



Hi!

Thank you for your order. To see your payment details please visit:
http://localhost:8000/order/0c52aea5-2f07-4b04-9419-febe7ddd13f5/

Sincerely,
Saleor Team

-------------------------------------------------------------------------------
a1519282647.85b1519282647.85c1519282648.29d1519282648.3a1519282648.98b1519282648.98c1519282649.77d1519282649.77a1519282651.55b1519282651.55c1519282651.94d1519282651.94a1519282656.0b1519282656.0c1519282656.67d1519282656.67a1519282668.28b1519282668.28c1519282668.87d1519282668.87MIME-Version: 1.0
Content-Type: text/plain; charset="utf-8"
Content-Transfer-Encoding: 7bit
Subject: Order details
From: None
To: patricia.garcia@example.com
Date: Thu, 22 Feb 2018 06:58:28 -0000
Message-ID: <20180222065828.2077.69923@master>



Hi!

Thank you for your order. To see your payment details please visit:
http://localhost:8000/order/1c03627d-90e0-41f6-b5c0-3bfa0a4b28fa/

Sincerely,
Saleor Team

-------------------------------------------------------------------------------
a1519282712.78b1519282712.78c1519282713.36d1519282713.36a1519282731.3b1519282731.3c1519282732.0d1519282732.0MIME-Version: 1.0
Content-Type: text/plain; charset="utf-8"
Content-Transfer-Encoding: 7bit
Subject: Order details
From: None
To: brandon.livingston@example.com
Date: Thu, 22 Feb 2018 06:59:15 -0000
Message-ID: <20180222065915.2077.22104@master>



Hi!

Thank you for your order. To see your payment details please visit:
http://localhost:8000/order/dd1c5b5f-acc8-4b9d-a267-492406a442b8/

Sincerely,
Saleor Team

-------------------------------------------------------------------------------
a1519282775.94b1519282775.94c1519282776.48d1519282776.48a1519282778.06b1519282778.07c1519282778.41d1519282778.41a1519282790.24b1519282790.24c1519282790.75d1519282790.75MIME-Version: 1.0
Content-Type: text/plain; charset="utf-8"
Content-Transfer-Encoding: 7bit
Subject: Order details
From: None
To: sue.salazar@example.com
Date: Thu, 22 Feb 2018 07:00:11 -0000
Message-ID: <20180222070011.2077.77502@master>



Hi!

Thank you for your order. To see your payment details please visit:
http://localhost:8000/order/68cb07bf-fdab-4df5-949a-d1ebb16ce6b6/

Sincerely,
Saleor Team

-------------------------------------------------------------------------------
a1519282710.92b1519282710.92c1519282711.51d1519282711.51a1519282711.72b1519282711.72c1519282712.52d1519282712.52a1519282723.42b1519282723.42c1519282724.0d1519282724.0a1519282775.77b1519282775.77c1519282776.02d1519282776.02a1519282778.51b1519282778.51c1519282779.09d1519282779.09a1519282779.82b1519282779.82c1519282780.33d1519282780.33a1519282782.58b1519282782.58c1519282783.05d1519282783.05MIME-Version: 1.0
Content-Type: text/plain; charset="utf-8"
Content-Transfer-Encoding: 7bit
Subject: Order details
From: None
To: ethan.stone@example.com
Date: Thu, 22 Feb 2018 07:00:26 -0000
Message-ID: <20180222070026.2076.8251@master>



Hi!

Thank you for your order. To see your payment details please visit:
http://localhost:8000/order/812e7ef2-3782-4a20-9426-89c015f7b38a/

Sincerely,
Saleor Team

-------------------------------------------------------------------------------
a1519282845.56b1519282845.56c1519282846.14d1519282846.14a1519282848.54b1519282848.54c1519282849.12d1519282849.12a1519282850.93b1519282850.93c1519282851.38d1519282851.38MIME-Version: 1.0
Content-Type: text/plain; charset="utf-8"
Content-Transfer-Encoding: 7bit
Subject: Order details
From: None
To: tracy.wood@example.com
Date: Thu, 22 Feb 2018 07:01:16 -0000
Message-ID: <20180222070116.2077.69967@master>



Hi!

Thank you for your order. To see your payment details please visit:
http://localhost:8000/order/940f6a3c-f475-402a-93dd-b8fc9cb71ba8/

Sincerely,
Saleor Team

-------------------------------------------------------------------------------
MIME-Version: 1.0
Content-Type: text/plain; charset="utf-8"
Content-Transfer-Encoding: 7bit
Subject: Order details
From: None
To: shawn.gray@example.com
Date: Thu, 22 Feb 2018 07:01:28 -0000
Message-ID: <20180222070128.2077.2889@master>



Hi!

Thank you for your order. To see your payment details please visit:
http://localhost:8000/order/58f68f6a-4779-440f-be60-c20e17602f39/

Sincerely,
Saleor Team

-------------------------------------------------------------------------------
a1519282844.54b1519282844.54c1519282845.07d1519282845.07a1519282860.98b1519282860.98c1519282861.5d1519282861.5MIME-Version: 1.0
Content-Type: text/plain; charset="utf-8"
Content-Transfer-Encoding: 7bit
Subject: Order details
From: None
To: john.austin@example.com
Date: Thu, 22 Feb 2018 07:01:35 -0000
Message-ID: <20180222070135.2076.84079@master>



Hi!

Thank you for your order. To see your payment details please visit:
http://localhost:8000/order/e6ed2648-c18c-4d6b-a9b7-0f1e9d5c2453/

Sincerely,
Saleor Team

-------------------------------------------------------------------------------
a1519282710.44b1519282710.44c1519282710.73d1519282710.73a1519282711.24b1519282711.24c1519282711.81d1519282711.81a1519282714.06b1519282714.06c1519282714.64d1519282714.64a1519282716.71b1519282716.71c1519282717.16d1519282717.16a1519282724.08b1519282724.08c1519282724.94d1519282724.94a1519282782.54b1519282782.54c1519282783.02d1519282783.02a1519282788.2b1519282788.2c1519282788.78d1519282788.78a1519282795.79b1519282795.79c1519282796.42d1519282796.42a1519282840.46b1519282840.46c1519282840.96d1519282840.96a1519282841.42b1519282841.42c1519282841.94d1519282841.94a1519282844.72b1519282844.72c1519282845.18d1519282845.18a1519282848.84b1519282848.84c1519282849.32d1519282849.32a1519282854.74b1519282854.74c1519282855.24d1519282855.24MIME-Version: 1.0
Content-Type: text/plain; charset="utf-8"
Content-Transfer-Encoding: 7bit
Subject: Order details
From: None
To: gail.davis@example.com
Date: Thu, 22 Feb 2018 07:01:35 -0000
Message-ID: <20180222070135.2075.37464@master>



Hi!

Thank you for your order. To see your payment details please visit:
http://localhost:8000/order/9e7b75bc-96ec-49ca-8764-c9144f0a6f59/

Sincerely,
Saleor Team

-------------------------------------------------------------------------------
MIME-Version: 1.0
Content-Type: text/plain; charset="utf-8"
Content-Transfer-Encoding: 7bit
Subject: Order details
From: None
To: adam.carpenter@example.com
Date: Thu, 22 Feb 2018 07:01:37 -0000
Message-ID: <20180222070137.2076.65186@master>



Hi!

Thank you for your order. To see your payment details please visit:
http://localhost:8000/order/7415cb44-eedf-4635-b8e5-3f8727ce89c9/

Sincerely,
Saleor Team

-------------------------------------------------------------------------------
a1519282906.59b1519282906.59c1519282907.0d1519282907.0a1519282910.78b1519282910.78c1519282911.21d1519282911.21a1519282911.96b1519282911.96c1519282912.74d1519282912.74a1519282916.99b1519282916.99c1519282917.47d1519282917.47MIME-Version: 1.0
Content-Type: text/plain; charset="utf-8"
Content-Transfer-Encoding: 7bit
Subject: Order details
From: None
To: nicholas.hill@example.com
Date: Thu, 22 Feb 2018 07:02:30 -0000
Message-ID: <20180222070230.2075.16389@master>



Hi!

Thank you for your order. To see your payment details please visit:
http://localhost:8000/order/0af0a393-db87-489d-9e0d-0ba8d7a65d55/

Sincerely,
Saleor Team

-------------------------------------------------------------------------------
a1519282915.74b1519282915.74c1519282916.56d1519282916.56a1519282922.39b1519282922.39c1519282922.97d1519282922.97MIME-Version: 1.0
Content-Type: text/plain; charset="utf-8"
Content-Transfer-Encoding: 7bit
Subject: Order details
From: None
To: frank.morris@example.com
Date: Thu, 22 Feb 2018 07:02:33 -0000
Message-ID: <20180222070233.2077.16669@master>



Hi!

Thank you for your order. To see your payment details please visit:
http://localhost:8000/order/f0deb018-827b-4a71-bd5f-fde13d03a449/

Sincerely,
Saleor Team

-------------------------------------------------------------------------------
MIME-Version: 1.0
Content-Type: text/plain; charset="utf-8"
Content-Transfer-Encoding: 7bit
Subject: Order details
From: None
To: patricia.preston@example.com
Date: Thu, 22 Feb 2018 07:02:40 -0000
Message-ID: <20180222070240.2077.77114@master>



Hi!

Thank you for your order. To see your payment details please visit:
http://localhost:8000/order/099f0029-c198-4b96-98a6-2c0917097f67/

Sincerely,
Saleor Team

-------------------------------------------------------------------------------
a1519282904.0b1519282904.0c1519282904.34d1519282904.34a1519282907.34b1519282907.34c1519282907.92d1519282907.92a1519282909.21b1519282909.21c1519282909.59d1519282909.59a1519282920.23b1519282920.23c1519282920.83d1519282920.83a1519282975.34b1519282975.34c1519282975.94d1519282975.94a1519282978.61b1519282978.61c1519282979.0d1519282979.0a1519282985.37b1519282985.37c1519282985.63d1519282985.63MIME-Version: 1.0
Content-Type: text/plain; charset="utf-8"
Content-Transfer-Encoding: 7bit
Subject: Order details
From: None
To: patricia.garcia@example.com
Date: Thu, 22 Feb 2018 07:03:32 -0000
Message-ID: <20180222070332.2076.59649@master>



Hi!

Thank you for your order. To see your payment details please visit:
http://localhost:8000/order/4c93d493-4aad-493c-bbc0-3fc9b90811f6/

Sincerely,
Saleor Team

-------------------------------------------------------------------------------
a1519282968.07b1519282968.07c1519282968.58d1519282968.58a1519282972.06b1519282972.06c1519282972.27d1519282972.27a1519282973.38b1519282973.38c1519282973.67d1519282973.67a1519282977.34b1519282977.34c1519282977.7d1519282977.7a1519282980.99b1519282980.99c1519282981.6d1519282981.6MIME-Version: 1.0
Content-Type: text/plain; charset="utf-8"
Content-Transfer-Encoding: 7bit
Subject: Order details
From: None
To: cynthia.cole@example.com
Date: Thu, 22 Feb 2018 07:03:37 -0000
Message-ID: <20180222070337.2077.24620@master>



Hi!

Thank you for your order. To see your payment details please visit:
http://localhost:8000/order/ab369667-db7f-4dbe-a843-08c53c68e13b/

Sincerely,
Saleor Team

-------------------------------------------------------------------------------
MIME-Version: 1.0
Content-Type: text/plain; charset="utf-8"
Content-Transfer-Encoding: 7bit
Subject: Order details
From: None
To: carolyn.ortiz@example.com
Date: Thu, 22 Feb 2018 07:03:40 -0000
Message-ID: <20180222070340.2077.17713@master>



Hi!

Thank you for your order. To see your payment details please visit:
http://localhost:8000/order/cb2f53d7-d21d-4cfb-b8ba-1218e473d095/

Sincerely,
Saleor Team

-------------------------------------------------------------------------------
MIME-Version: 1.0
Content-Type: text/plain; charset="utf-8"
Content-Transfer-Encoding: 7bit
Subject: Order details
From: None
To: mitchell.wood@example.com
Date: Thu, 22 Feb 2018 07:03:41 -0000
Message-ID: <20180222070341.2076.21004@master>



Hi!

Thank you for your order. To see your payment details please visit:
http://localhost:8000/order/ac4f7134-bc6b-4e60-a292-291f14b559f2/

Sincerely,
Saleor Team

-------------------------------------------------------------------------------
a1519283033.51b1519283033.51c1519283033.95d1519283033.95a1519283047.45b1519283047.45c1519283048.25d1519283048.25a1519283050.29b1519283050.29c1519283050.86d1519283050.86MIME-Version: 1.0
Content-Type: text/plain; charset="utf-8"
Content-Transfer-Encoding: 7bit
Subject: Order details
From: None
To: megan.johnson@example.com
Date: Thu, 22 Feb 2018 07:04:46 -0000
Message-ID: <20180222070446.2076.30890@master>



Hi!

Thank you for your order. To see your payment details please visit:
http://localhost:8000/order/5a46bb74-b6d2-4bd6-8b3b-434678d7c0dc/

Sincerely,
Saleor Team

-------------------------------------------------------------------------------
a1519282977.84b1519282977.84c1519282978.43d1519282978.43a1519282980.1b1519282980.1c1519282980.68d1519282980.68a1519283038.65b1519283038.65c1519283039.17d1519283039.17a1519283040.82b1519283040.82c1519283041.4d1519283041.4a1519283041.59b1519283041.59c1519283042.2d1519283042.2a1519283046.52b1519283046.52c1519283046.85d1519283046.85MIME-Version: 1.0
Content-Type: text/plain; charset="utf-8"
Content-Transfer-Encoding: 7bit
Subject: Order details
From: None
To: betty.holloway@example.com
Date: Thu, 22 Feb 2018 07:04:46 -0000
Message-ID: <20180222070446.2075.29200@master>



Hi!

Thank you for your order. To see your payment details please visit:
http://localhost:8000/order/d6e642a9-ec90-4c1d-8812-8cae62941bf1/

Sincerely,
Saleor Team

-------------------------------------------------------------------------------
a1519283037.8b1519283037.8c1519283038.1d1519283038.1a1519283043.18b1519283043.18c1519283043.62d1519283043.62a1519283050.18b1519283050.18c1519283050.97d1519283050.97MIME-Version: 1.0
Content-Type: text/plain; charset="utf-8"
Content-Transfer-Encoding: 7bit
Subject: Order details
From: None
To: frederick.cooley@example.com
Date: Thu, 22 Feb 2018 07:04:50 -0000
Message-ID: <20180222070450.2077.9290@master>



Hi!

Thank you for your order. To see your payment details please visit:
http://localhost:8000/order/87091d61-1bce-4a83-acd9-01d03ba6f972/

Sincerely,
Saleor Team

-------------------------------------------------------------------------------
MIME-Version: 1.0
Content-Type: text/plain; charset="utf-8"
Content-Transfer-Encoding: 7bit
Subject: Order details
From: None
To: amanda.rodriguez@example.com
Date: Thu, 22 Feb 2018 07:04:52 -0000
Message-ID: <20180222070452.2077.9616@master>



Hi!

Thank you for your order. To see your payment details please visit:
http://localhost:8000/order/d9a3216e-5365-45c2-8b47-7821adc13939/

Sincerely,
Saleor Team

-------------------------------------------------------------------------------
MIME-Version: 1.0
Content-Type: text/plain; charset="utf-8"
Content-Transfer-Encoding: 7bit
Subject: Order details
From: None
To: sierra.benson@example.com
Date: Thu, 22 Feb 2018 07:04:53 -0000
Message-ID: <20180222070453.2076.33500@master>



Hi!

Thank you for your order. To see your payment details please visit:
http://localhost:8000/order/ff8dd71e-7695-47ec-b7e0-8bc03f8f5f03/

Sincerely,
Saleor Team

-------------------------------------------------------------------------------
MIME-Version: 1.0
Content-Type: text/plain; charset="utf-8"
Content-Transfer-Encoding: 7bit
Subject: Order details
From: None
To: ashley.collins@example.com
Date: Thu, 22 Feb 2018 07:04:59 -0000
Message-ID: <20180222070459.2076.39062@master>



Hi!

Thank you for your order. To see your payment details please visit:
http://localhost:8000/order/e02bdfda-8e0b-4b77-8ea0-68dda82e0d14/

Sincerely,
Saleor Team

-------------------------------------------------------------------------------
a1519283108.3b1519283108.3c1519283108.88d1519283108.88a1519283114.79b1519283114.79c1519283115.36d1519283115.36MIME-Version: 1.0
Content-Type: text/plain; charset="utf-8"
Content-Transfer-Encoding: 7bit
Subject: Order details
From: None
To: john.woods@example.com
Date: Thu, 22 Feb 2018 07:05:51 -0000
Message-ID: <20180222070551.2075.8162@master>



Hi!

Thank you for your order. To see your payment details please visit:
http://localhost:8000/order/028bcfc0-7900-48b4-9658-d277e04aa1c1/

Sincerely,
Saleor Team

-------------------------------------------------------------------------------
MIME-Version: 1.0
Content-Type: text/plain; charset="utf-8"
Content-Transfer-Encoding: 7bit
Subject: Order details
From: None
To: kathryn.lawrence@example.com
Date: Thu, 22 Feb 2018 07:05:53 -0000
Message-ID: <20180222070553.2075.56055@master>



Hi!

Thank you for your order. To see your payment details please visit:
http://localhost:8000/order/35694cdb-8a26-4fde-a883-6ead7df6429e/

Sincerely,
Saleor Team

-------------------------------------------------------------------------------
a1519283100.26b1519283100.26c1519283100.84d1519283100.84a1519283108.98b1519283108.98c1519283109.73d1519283109.73a1519283116.3b1519283116.3c1519283116.85d1519283116.85MIME-Version: 1.0
Content-Type: text/plain; charset="utf-8"
Content-Transfer-Encoding: 7bit
Subject: Order details
From: None
To: jessica.welch@example.com
Date: Thu, 22 Feb 2018 07:05:58 -0000
Message-ID: <20180222070558.2077.3297@master>



Hi!

Thank you for your order. To see your payment details please visit:
http://localhost:8000/order/5334d1f3-2e8d-4a4b-89b8-472016e5098e/

Sincerely,
Saleor Team

-------------------------------------------------------------------------------
MIME-Version: 1.0
Content-Type: text/plain; charset="utf-8"
Content-Transfer-Encoding: 7bit
Subject: Order details
From: None
To: tracy.wood@example.com
Date: Thu, 22 Feb 2018 07:06:00 -0000
Message-ID: <20180222070600.2075.93439@master>



Hi!

Thank you for your order. To see your payment details please visit:
http://localhost:8000/order/dfb71452-4d1c-47fe-b190-6610bf16121c/

Sincerely,
Saleor Team

-------------------------------------------------------------------------------
a1519283162.38b1519283162.38c1519283162.72d1519283162.72MIME-Version: 1.0
Content-Type: text/plain; charset="utf-8"
Content-Transfer-Encoding: 7bit
Subject: Order details
From: None
To: shawn.gray@example.com
Date: Thu, 22 Feb 2018 07:06:10 -0000
Message-ID: <20180222070610.2077.60259@master>



Hi!

Thank you for your order. To see your payment details please visit:
http://localhost:8000/order/56027fe8-7e3a-461c-9110-4b9aeb8143e0/

Sincerely,
Saleor Team

-------------------------------------------------------------------------------
a1519283106.93b1519283106.93c1519283107.39d1519283107.39a1519283109.03b1519283109.03c1519283109.61d1519283109.61a1519283112.0b1519283112.0c1519283112.41d1519283112.41a1519283113.07b1519283113.07c1519283113.27d1519283113.27a1519283121.04b1519283121.04c1519283121.43d1519283121.43a1519283173.2b1519283173.2c1519283173.65d1519283173.65a1519283175.07b1519283175.07c1519283175.46d1519283175.46a1519283177.42b1519283177.42c1519283177.78d1519283177.78MIME-Version: 1.0
Content-Type: text/plain; charset="utf-8"
Content-Transfer-Encoding: 7bit
Subject: Order details
From: None
To: christopher.jensen@example.com
Date: Thu, 22 Feb 2018 07:06:52 -0000
Message-ID: <20180222070652.2076.99144@master>



Hi!

Thank you for your order. To see your payment details please visit:
http://localhost:8000/order/5d406a52-26d9-45d0-93c6-4ba886b78185/

Sincerely,
Saleor Team

-------------------------------------------------------------------------------
a1519283178.47b1519283178.47c1519283178.83d1519283178.83a1519283178.98b1519283178.98c1519283179.24d1519283179.24MIME-Version: 1.0
Content-Type: text/plain; charset="utf-8"
Content-Transfer-Encoding: 7bit
Subject: Order details
From: None
To: 2@qq.com
Date: Thu, 22 Feb 2018 07:07:01 -0000
Message-ID: <20180222070701.2077.7325@master>



Hi!

Thank you for your order. To see your payment details please visit:
http://localhost:8000/order/c65d0114-be7f-4cb9-ba94-85995a2bd382/

Sincerely,
Saleor Team

-------------------------------------------------------------------------------
a1519283176.17b1519283176.17c1519283176.51d1519283176.51a1519283180.32b1519283180.32c1519283181.12d1519283181.12a1519283181.4b1519283181.4c1519283181.95d1519283181.95a1519283195.31b1519283195.31c1519283195.85d1519283195.85MIME-Version: 1.0
Content-Type: text/plain; charset="utf-8"
Content-Transfer-Encoding: 7bit
Subject: Order details
From: None
To: frank.morris@example.com
Date: Thu, 22 Feb 2018 07:07:14 -0000
Message-ID: <20180222070714.2075.40153@master>



Hi!

Thank you for your order. To see your payment details please visit:
http://localhost:8000/order/0fecc6de-5f7e-475d-a79e-f78c702dcf26/

Sincerely,
Saleor Team

-------------------------------------------------------------------------------
a1519283227.98b1519283227.98c1519283228.56d1519283228.56a1519283234.35b1519283234.36c1519283234.8d1519283234.8a1519283236.33b1519283236.33c1519283237.04d1519283237.04a1519283237.96b1519283237.96c1519283238.52d1519283238.52a1519283257.92b1519283257.92c1519283258.85d1519283258.85MIME-Version: 1.0
Content-Type: text/plain; charset="utf-8"
Content-Transfer-Encoding: 7bit
Subject: Order details
From: None
To: patricia.garcia@example.com
Date: Thu, 22 Feb 2018 07:07:57 -0000
Message-ID: <20180222070757.2076.33682@master>



Hi!

Thank you for your order. To see your payment details please visit:
http://localhost:8000/order/51080958-c4e8-4acd-a6f9-b3af9d53ef52/

Sincerely,
Saleor Team

-------------------------------------------------------------------------------
a1519283246.14b1519283246.14c1519283246.96d1519283246.96MIME-Version: 1.0
Content-Type: text/plain; charset="utf-8"
Content-Transfer-Encoding: 7bit
Subject: Order details
From: None
To: sheila.payne@example.com
Date: Thu, 22 Feb 2018 07:08:00 -0000
Message-ID: <20180222070800.2075.59915@master>



Hi!

Thank you for your order. To see your payment details please visit:
http://localhost:8000/order/b2d1f2c2-160e-46a5-a601-cbcb4343ce2a/

Sincerely,
Saleor Team

-------------------------------------------------------------------------------
a1519283236.4b1519283236.4c1519283237.14d1519283237.14a1519283238.8b1519283238.8c1519283239.18d1519283239.18a1519283242.31b1519283242.31c1519283242.87d1519283242.87a1519283243.07b1519283243.07c1519283243.46d1519283243.46MIME-Version: 1.0
Content-Type: text/plain; charset="utf-8"
Content-Transfer-Encoding: 7bit
Subject: Order details
From: None
To: mitchell.wood@example.com
Date: Thu, 22 Feb 2018 07:08:06 -0000
Message-ID: <20180222070806.2077.97937@master>



Hi!

Thank you for your order. To see your payment details please visit:
http://localhost:8000/order/70719a9e-93ee-41ac-aac3-9b17b9e9b739/

Sincerely,
Saleor Team

-------------------------------------------------------------------------------
a1519283297.45b1519283297.45c1519283298.05d1519283298.05MIME-Version: 1.0
Content-Type: text/plain; charset="utf-8"
Content-Transfer-Encoding: 7bit
Subject: Order details
From: None
To: victoria.kennedy@example.com
Date: Thu, 22 Feb 2018 07:08:20 -0000
Message-ID: <20180222070820.2077.35332@master>



Hi!

Thank you for your order. To see your payment details please visit:
http://localhost:8000/order/d951d5c4-49f3-4ae0-b82b-d81d9f08f211/

Sincerely,
Saleor Team

-------------------------------------------------------------------------------
a1519283301.04b1519283301.04c1519283301.62d1519283301.62a1519283301.74b1519283301.74c1519283302.18d1519283302.18a1519283307.33b1519283307.33c1519283307.9d1519283307.9a1519283308.49b1519283308.49c1519283309.34d1519283309.34MIME-Version: 1.0
Content-Type: text/plain; charset="utf-8"
Content-Transfer-Encoding: 7bit
Subject: Order details
From: None
To: brandon.livingston@example.com
Date: Thu, 22 Feb 2018 07:08:47 -0000
Message-ID: <20180222070847.2077.9529@master>



Hi!

Thank you for your order. To see your payment details please visit:
http://localhost:8000/order/df987baf-2e8b-4846-909a-63dc52237dcc/

Sincerely,
Saleor Team

-------------------------------------------------------------------------------
a1519283288.42b1519283288.42c1519283288.81d1519283288.81a1519283305.68b1519283305.68c1519283306.11d1519283306.11a1519283309.74b1519283309.74c1519283310.3d1519283310.3a1519283327.13b1519283327.13c1519283327.7d1519283327.7MIME-Version: 1.0
Content-Type: text/plain; charset="utf-8"
Content-Transfer-Encoding: 7bit
Subject: Order details
From: None
To: frederick.cooley@example.com
Date: Thu, 22 Feb 2018 07:09:15 -0000
Message-ID: <20180222070915.2075.69895@master>



Hi!

Thank you for your order. To see your payment details please visit:
http://localhost:8000/order/cadd7034-8df3-4fae-b68a-f4bc79a83d07/

Sincerely,
Saleor Team

-------------------------------------------------------------------------------
a1519283357.73b1519283357.73c1519283358.14d1519283358.14MIME-Version: 1.0
Content-Type: text/plain; charset="utf-8"
Content-Transfer-Encoding: 7bit
Subject: Order details
From: None
To: sierra.benson@example.com
Date: Thu, 22 Feb 2018 07:09:26 -0000
Message-ID: <20180222070926.2075.60872@master>



Hi!

Thank you for your order. To see your payment details please visit:
http://localhost:8000/order/922a3490-2de5-4b6c-83bf-11c8bc5a9dfb/

Sincerely,
Saleor Team

-------------------------------------------------------------------------------
a1519283360.08b1519283360.08c1519283360.44d1519283360.44a1519283366.34b1519283366.34c1519283366.92d1519283366.92a1519283369.06b1519283369.06c1519283369.58d1519283369.58a1519283373.79b1519283373.79c1519283374.35d1519283374.35a1519283375.77b1519283375.77c1519283376.34d1519283376.34a1519283377.14b1519283377.14c1519283377.66d1519283377.66MIME-Version: 1.0
Content-Type: text/plain; charset="utf-8"
Content-Transfer-Encoding: 7bit
Subject: Order details
From: None
To: ashley.collins@example.com
Date: Thu, 22 Feb 2018 07:09:57 -0000
Message-ID: <20180222070957.2077.82656@master>



Hi!

Thank you for your order. To see your payment details please visit:
http://localhost:8000/order/67cc41e9-194e-4b5b-9f40-54713e8f7abd/

Sincerely,
Saleor Team

-------------------------------------------------------------------------------
a1519283306.8b1519283306.8c1519283307.22d1519283307.22a1519283361.14b1519283361.14c1519283361.88d1519283361.88a1519283373.2b1519283373.2c1519283373.41d1519283373.41MIME-Version: 1.0
Content-Type: text/plain; charset="utf-8"
Content-Transfer-Encoding: 7bit
Subject: Order details
From: None
To: carla.smith@example.com
Date: Thu, 22 Feb 2018 07:10:10 -0000
Message-ID: <20180222071010.2076.81436@master>



Hi!

Thank you for your order. To see your payment details please visit:
http://localhost:8000/order/a29dc1f9-43bc-4034-8589-54b1ba6d43c0/

Sincerely,
Saleor Team

-------------------------------------------------------------------------------
a1519283430.38b1519283430.38c1519283430.83d1519283430.83a1519283439.32b1519283439.32c1519283439.71d1519283439.71a1519283439.96b1519283439.96c1519283440.29d1519283440.29MIME-Version: 1.0
Content-Type: text/plain; charset="utf-8"
Content-Transfer-Encoding: 7bit
Subject: Order details
From: None
To: adam.carpenter@example.com
Date: Thu, 22 Feb 2018 07:10:58 -0000
Message-ID: <20180222071058.2077.55703@master>



Hi!

Thank you for your order. To see your payment details please visit:
http://localhost:8000/order/e9f674a6-f437-4b8c-bd61-866cb4ee9318/

Sincerely,
Saleor Team

-------------------------------------------------------------------------------
MIME-Version: 1.0
Content-Type: text/plain; charset="utf-8"
Content-Transfer-Encoding: 7bit
Subject: Order details
From: None
To: john.austin@example.com
Date: Thu, 22 Feb 2018 07:11:08 -0000
Message-ID: <20180222071108.2077.56767@master>



Hi!

Thank you for your order. To see your payment details please visit:
http://localhost:8000/order/a5d7bbca-b600-4224-a1c5-fafb6462a7f5/

Sincerely,
Saleor Team

-------------------------------------------------------------------------------
a1519283391.69b1519283391.69c1519283392.26d1519283392.26a1519283419.47b1519283419.47c1519283419.67d1519283419.67a1519283424.2b1519283424.2c1519283424.75d1519283424.75a1519283434.51b1519283434.51c1519283435.49d1519283435.49MIME-Version: 1.0
Content-Type: text/plain; charset="utf-8"
Content-Transfer-Encoding: 7bit
Subject: Order details
From: None
To: gail.davis@example.com
Date: Thu, 22 Feb 2018 07:11:08 -0000
Message-ID: <20180222071108.2075.9436@master>



Hi!

Thank you for your order. To see your payment details please visit:
http://localhost:8000/order/f8dc21d4-df67-43b2-b06c-020b5f217da4/

Sincerely,
Saleor Team

-------------------------------------------------------------------------------
a1519283431.55b1519283431.55c1519283432.13d1519283432.13a1519283432.37b1519283432.37c1519283433.15d1519283433.15a1519283443.27b1519283443.27c1519283443.85d1519283443.85a1519283460.37b1519283460.37c1519283460.87d1519283460.87MIME-Version: 1.0
Content-Type: text/plain; charset="utf-8"
Content-Transfer-Encoding: 7bit
Subject: Order details
From: None
To: christopher.jensen@example.com
Date: Thu, 22 Feb 2018 07:11:17 -0000
Message-ID: <20180222071117.2076.53950@master>



Hi!

Thank you for your order. To see your payment details please visit:
http://localhost:8000/order/d6dd29be-5f6b-49fe-906e-04b5ee58b7e8/

Sincerely,
Saleor Team

-------------------------------------------------------------------------------
a1519283485.84b1519283485.84c1519283486.43d1519283486.43a1519283490.87b1519283490.87c1519283491.47d1519283491.47a1519283498.96b1519283498.96c1519283499.54d1519283499.54a1519283507.25b1519283507.25c1519283507.79d1519283507.79a1519283510.52b1519283510.52c1519283511.39d1519283511.39MIME-Version: 1.0
Content-Type: text/plain; charset="utf-8"
Content-Transfer-Encoding: 7bit
Subject: Order details
From: None
To: 2@qq.com
Date: Thu, 22 Feb 2018 07:12:02 -0000
Message-ID: <20180222071202.2077.78818@master>



Hi!

Thank you for your order. To see your payment details please visit:
http://localhost:8000/order/6f7bea75-e6a4-424e-b3f6-4b8f48bef3fc/

Sincerely,
Saleor Team

-------------------------------------------------------------------------------
a1519283482.71b1519283482.71c1519283483.25d1519283483.25a1519283493.7b1519283493.7c1519283494.14d1519283494.14a1519283507.0b1519283507.0c1519283507.56d1519283507.56a1519283524.65b1519283524.65c1519283525.24d1519283525.24MIME-Version: 1.0
Content-Type: text/plain; charset="utf-8"
Content-Transfer-Encoding: 7bit
Subject: Order details
From: None
To: david.williams@example.com
Date: Thu, 22 Feb 2018 07:12:19 -0000
Message-ID: <20180222071219.2075.95875@master>



Hi!

Thank you for your order. To see your payment details please visit:
http://localhost:8000/order/5c9a6651-ecb7-47e9-be32-d330d9e3bd2e/

Sincerely,
Saleor Team

-------------------------------------------------------------------------------
MIME-Version: 1.0
Content-Type: text/plain; charset="utf-8"
Content-Transfer-Encoding: 7bit
Subject: Order details
From: None
To: amy.scott@example.com
Date: Thu, 22 Feb 2018 07:12:25 -0000
Message-ID: <20180222071225.2077.59503@master>



Hi!

Thank you for your order. To see your payment details please visit:
http://localhost:8000/order/d83acec7-7fa1-4aad-8ae0-fc23a1927c55/

Sincerely,
Saleor Team

-------------------------------------------------------------------------------
MIME-Version: 1.0
Content-Type: text/plain; charset="utf-8"
Content-Transfer-Encoding: 7bit
Subject: Order details
From: None
To: dennis.villarreal@example.com
Date: Thu, 22 Feb 2018 07:12:31 -0000
Message-ID: <20180222071231.2075.64823@master>



Hi!

Thank you for your order. To see your payment details please visit:
http://localhost:8000/order/d71dadac-dc36-44aa-b020-7e412855dda7/

Sincerely,
Saleor Team

-------------------------------------------------------------------------------
a1519283551.49b1519283551.49c1519283552.09d1519283552.09MIME-Version: 1.0
Content-Type: text/plain; charset="utf-8"
Content-Transfer-Encoding: 7bit
Subject: Order details
From: None
To: sheila.payne@example.com
Date: Thu, 22 Feb 2018 07:12:33 -0000
Message-ID: <20180222071233.2077.80956@master>



Hi!

Thank you for your order. To see your payment details please visit:
http://localhost:8000/order/32d98fac-3a3f-4c81-b3bd-398996ebafef/

Sincerely,
Saleor Team

-------------------------------------------------------------------------------
a1519283502.55b1519283502.55c1519283502.91d1519283502.91a1519283554.14b1519283554.14c1519283554.61d1519283554.61a1519283556.1b1519283556.1c1519283556.45d1519283556.45MIME-Version: 1.0
Content-Type: text/plain; charset="utf-8"
Content-Transfer-Encoding: 7bit
Subject: Order details
From: None
To: patricia.garcia@example.com
Date: Thu, 22 Feb 2018 07:12:37 -0000
Message-ID: <20180222071237.2076.146@master>



Hi!

Thank you for your order. To see your payment details please visit:
http://localhost:8000/order/14649e09-0f2d-4635-8527-d3689df07f07/

Sincerely,
Saleor Team

-------------------------------------------------------------------------------
a1519283562.73b1519283562.73c1519283563.13d1519283563.13a1519283572.69b1519283572.69c1519283573.12d1519283573.12a1519283580.32b1519283580.32c1519283580.88d1519283580.88a1519283583.09b1519283583.09c1519283583.71d1519283583.71MIME-Version: 1.0
Content-Type: text/plain; charset="utf-8"
Content-Transfer-Encoding: 7bit
Subject: Order details
From: None
To: mitchell.wood@example.com
Date: Thu, 22 Feb 2018 07:13:10 -0000
Message-ID: <20180222071310.2077.25485@master>



Hi!

Thank you for your order. To see your payment details please visit:
http://localhost:8000/order/3237b4c9-0687-4040-b1ca-d2d3ba6524b5/

Sincerely,
Saleor Team

-------------------------------------------------------------------------------
MIME-Version: 1.0
Content-Type: text/plain; charset="utf-8"
Content-Transfer-Encoding: 7bit
Subject: Order details
From: None
To: christopher.phillips@example.com
Date: Thu, 22 Feb 2018 07:13:34 -0000
Message-ID: <20180222071334.2076.29850@master>



Hi!

Thank you for your order. To see your payment details please visit:
http://localhost:8000/order/bcc2ec63-1c33-4b1a-894d-8e27275b07fc/

Sincerely,
Saleor Team

-------------------------------------------------------------------------------
a1519283567.44b1519283567.44c1519283567.84d1519283567.84a1519283568.17b1519283568.17c1519283568.85d1519283568.85a1519283578.22b1519283578.22c1519283578.75d1519283578.75MIME-Version: 1.0
Content-Type: text/plain; charset="utf-8"
Content-Transfer-Encoding: 7bit
Subject: Order details
From: None
To: susan.valenzuela@example.com
Date: Thu, 22 Feb 2018 07:13:44 -0000
Message-ID: <20180222071344.2075.54543@master>



Hi!

Thank you for your order. To see your payment details please visit:
http://localhost:8000/order/5e6633d9-3b26-4cce-a543-2b64d0d00433/

Sincerely,
Saleor Team

-------------------------------------------------------------------------------
a1519283619.24b1519283619.24c1519283619.75d1519283619.75a1519283621.1b1519283621.1c1519283621.82d1519283621.82a1519283621.99b1519283621.99c1519283622.73d1519283622.73MIME-Version: 1.0
Content-Type: text/plain; charset="utf-8"
Content-Transfer-Encoding: 7bit
Subject: Order details
From: None
To: betty.holloway@example.com
Date: Thu, 22 Feb 2018 07:13:50 -0000
Message-ID: <20180222071350.2076.79320@master>



Hi!

Thank you for your order. To see your payment details please visit:
http://localhost:8000/order/fbd1afd4-cfbe-4d8d-8eb7-99da94d4e9e8/

Sincerely,
Saleor Team

-------------------------------------------------------------------------------
a1519283631.61b1519283631.61c1519283632.12d1519283632.12a1519283645.2b1519283645.2c1519283645.72d1519283645.72MIME-Version: 1.0
Content-Type: text/plain; charset="utf-8"
Content-Transfer-Encoding: 7bit
Subject: Order details
From: None
To: sue.salazar@example.com
Date: Thu, 22 Feb 2018 07:14:17 -0000
Message-ID: <20180222071417.2075.7696@master>



Hi!

Thank you for your order. To see your payment details please visit:
http://localhost:8000/order/39fe943e-81e1-48d6-9c17-da4715f6901b/

Sincerely,
Saleor Team

-------------------------------------------------------------------------------
a1519283626.64b1519283626.64c1519283627.22d1519283627.22a1519283638.16b1519283638.16c1519283638.53d1519283638.53a1519283657.16b1519283657.16c1519283657.73d1519283657.73MIME-Version: 1.0
Content-Type: text/plain; charset="utf-8"
Content-Transfer-Encoding: 7bit
Subject: Order details
From: None
To: sierra.benson@example.com
Date: Thu, 22 Feb 2018 07:14:22 -0000
Message-ID: <20180222071422.2077.57119@master>



Hi!

Thank you for your order. To see your payment details please visit:
http://localhost:8000/order/4d2b6e31-8fef-49c0-b4fd-ca4f0ebc2ed3/

Sincerely,
Saleor Team

-------------------------------------------------------------------------------
MIME-Version: 1.0
Content-Type: text/plain; charset="utf-8"
Content-Transfer-Encoding: 7bit
Subject: Order details
From: None
To: nicole.martinez@example.com
Date: Thu, 22 Feb 2018 07:14:44 -0000
Message-ID: <20180222071444.2075.97299@master>



Hi!

Thank you for your order. To see your payment details please visit:
http://localhost:8000/order/308929eb-ab6b-4b69-99f3-2629c8080f0e/

Sincerely,
Saleor Team

-------------------------------------------------------------------------------
a1519283683.38b1519283683.38c1519283683.96d1519283683.96a1519283719.91b1519283719.91c1519283720.51d1519283720.51MIME-Version: 1.0
Content-Type: text/plain; charset="utf-8"
Content-Transfer-Encoding: 7bit
Subject: Order details
From: None
To: kathryn.lawrence@example.com
Date: Thu, 22 Feb 2018 07:15:22 -0000
Message-ID: <20180222071522.2077.38422@master>



Hi!

Thank you for your order. To see your payment details please visit:
http://localhost:8000/order/4a164738-5d23-4cf6-b3cf-8feda0b97c8b/

Sincerely,
Saleor Team

-------------------------------------------------------------------------------
a1519283684.56b1519283684.56c1519283685.14d1519283685.14a1519283686.69b1519283686.69c1519283687.25d1519283687.25a1519283690.2b1519283690.2c1519283690.78d1519283690.78a1519283698.26b1519283698.26c1519283698.77d1519283698.77a1519283708.84b1519283708.84c1519283709.44d1519283709.44a1519283718.34b1519283718.34c1519283718.95d1519283718.95MIME-Version: 1.0
Content-Type: text/plain; charset="utf-8"
Content-Transfer-Encoding: 7bit
Subject: Order details
From: None
To: mary.miller@example.com
Date: Thu, 22 Feb 2018 07:15:25 -0000
Message-ID: <20180222071525.2075.74946@master>



Hi!

Thank you for your order. To see your payment details please visit:
http://localhost:8000/order/280fb229-9e98-4911-9851-6ab8ca4cea56/

Sincerely,
Saleor Team

-------------------------------------------------------------------------------
a1519283636.52b1519283636.52c1519283636.71d1519283636.71a1519283658.36b1519283658.36c1519283658.95d1519283658.95a1519283696.41b1519283696.41c1519283697.01d1519283697.01a1519283703.68b1519283703.68c1519283704.22d1519283704.22MIME-Version: 1.0
Content-Type: text/plain; charset="utf-8"
Content-Transfer-Encoding: 7bit
Subject: Order details
From: None
To: shawn.gray@example.com
Date: Thu, 22 Feb 2018 07:15:38 -0000
Message-ID: <20180222071538.2076.54808@master>



Hi!

Thank you for your order. To see your payment details please visit:
http://localhost:8000/order/812da26c-f573-4907-8aaf-e3ac1a659b40/

Sincerely,
Saleor Team

-------------------------------------------------------------------------------
MIME-Version: 1.0
Content-Type: text/plain; charset="utf-8"
Content-Transfer-Encoding: 7bit
Subject: Order details
From: None
To: john.austin@example.com
Date: Thu, 22 Feb 2018 07:15:42 -0000
Message-ID: <20180222071542.2076.86528@master>



Hi!

Thank you for your order. To see your payment details please visit:
http://localhost:8000/order/0c4a2b55-88bc-42d0-9fc5-6200a546d499/

Sincerely,
Saleor Team

-------------------------------------------------------------------------------
MIME-Version: 1.0
Content-Type: text/plain; charset="utf-8"
Content-Transfer-Encoding: 7bit
Subject: Order details
From: None
To: gail.davis@example.com
Date: Thu, 22 Feb 2018 07:15:52 -0000
Message-ID: <20180222071552.2075.83782@master>



Hi!

Thank you for your order. To see your payment details please visit:
http://localhost:8000/order/01f2ecbd-c80f-46fb-be50-3c9c2ab2b42a/

Sincerely,
Saleor Team

-------------------------------------------------------------------------------
a1519283751.28b1519283751.28c1519283751.85d1519283751.85a1519283757.43b1519283757.43c1519283757.66d1519283757.66a1519283762.48b1519283762.48c1519283763.13d1519283763.13a1519283774.51b1519283774.51c1519283774.93d1519283774.93MIME-Version: 1.0
Content-Type: text/plain; charset="utf-8"
Content-Transfer-Encoding: 7bit
Subject: Order details
From: None
To: 2@qq.com
Date: Thu, 22 Feb 2018 07:16:34 -0000
Message-ID: <20180222071634.2076.7517@master>



Hi!

Thank you for your order. To see your payment details please visit:
http://localhost:8000/order/7735773f-7075-45ed-abc1-fe2bfd0213da/

Sincerely,
Saleor Team

-------------------------------------------------------------------------------
a1519283753.39b1519283753.39c1519283754.36d1519283754.36a1519283783.84b1519283783.84c1519283784.49d1519283784.49MIME-Version: 1.0
Content-Type: text/plain; charset="utf-8"
Content-Transfer-Encoding: 7bit
Subject: Order details
From: None
To: nicholas.hill@example.com
Date: Thu, 22 Feb 2018 07:16:40 -0000
Message-ID: <20180222071640.2075.75639@master>



Hi!

Thank you for your order. To see your payment details please visit:
http://localhost:8000/order/9dde823b-3160-408f-830d-1828dd1c7688/

Sincerely,
Saleor Team

-------------------------------------------------------------------------------
MIME-Version: 1.0
Content-Type: text/plain; charset="utf-8"
Content-Transfer-Encoding: 7bit
Subject: Order details
From: None
To: patricia.preston@example.com
Date: Thu, 22 Feb 2018 07:16:45 -0000
Message-ID: <20180222071645.2076.95807@master>



Hi!

Thank you for your order. To see your payment details please visit:
http://localhost:8000/order/bc67183e-40cf-41e7-8642-9b0eef6d89f0/

Sincerely,
Saleor Team

-------------------------------------------------------------------------------
MIME-Version: 1.0
Content-Type: text/plain; charset="utf-8"
Content-Transfer-Encoding: 7bit
Subject: Order details
From: None
To: david.williams@example.com
Date: Thu, 22 Feb 2018 07:16:52 -0000
Message-ID: <20180222071652.2075.61480@master>



Hi!

Thank you for your order. To see your payment details please visit:
http://localhost:8000/order/a053fa59-608a-4ad2-8b48-1bbdb6346330/

Sincerely,
Saleor Team

-------------------------------------------------------------------------------
a1519283820.76b1519283820.76c1519283821.18d1519283821.18a1519283826.4b1519283826.4c1519283827.35d1519283827.35a1519283833.8b1519283833.8c1519283834.25d1519283834.25MIME-Version: 1.0
Content-Type: text/plain; charset="utf-8"
Content-Transfer-Encoding: 7bit
Subject: Order details
From: None
To: cynthia.cole@example.com
Date: Thu, 22 Feb 2018 07:17:41 -0000
Message-ID: <20180222071741.2076.40584@master>



Hi!

Thank you for your order. To see your payment details please visit:
http://localhost:8000/order/2f55149a-b542-4545-bfc7-ad3f42e9621b/

Sincerely,
Saleor Team

-------------------------------------------------------------------------------
MIME-Version: 1.0
Content-Type: text/plain; charset="utf-8"
Content-Transfer-Encoding: 7bit
Subject: Order details
From: None
To: brandon.livingston@example.com
Date: Thu, 22 Feb 2018 07:17:53 -0000
Message-ID: <20180222071753.2076.93482@master>



Hi!

Thank you for your order. To see your payment details please visit:
http://localhost:8000/order/6e468080-d3a6-4a25-bfec-7622e88d557b/

Sincerely,
Saleor Team

-------------------------------------------------------------------------------
a1519283889.66b1519283889.66c1519283890.18d1519283890.18a1519283895.2b1519283895.2c1519283895.81d1519283895.81MIME-Version: 1.0
Content-Type: text/plain; charset="utf-8"
Content-Transfer-Encoding: 7bit
Subject: Order details
From: None
To: sierra.benson@example.com
Date: Thu, 22 Feb 2018 07:18:54 -0000
Message-ID: <20180222071854.2076.668@master>



Hi!

Thank you for your order. To see your payment details please visit:
http://localhost:8000/order/acbe79f9-29dd-4239-876a-703de53661c1/

Sincerely,
Saleor Team

-------------------------------------------------------------------------------
a1519283830.49b1519283830.49c1519283831.06d1519283831.06a1519283841.53b1519283841.53c1519283842.09d1519283842.09a1519283851.68b1519283851.68c1519283852.26d1519283852.26a1519283854.63b1519283854.63c1519283855.21d1519283855.21a1519283884.07b1519283884.07c1519283884.47d1519283884.47a1519283885.52b1519283885.52c1519283885.94d1519283885.94a1519283887.75b1519283887.75c1519283888.25d1519283888.25a1519283897.48b1519283897.48c1519283898.27d1519283898.27a1519283918.81b1519283918.81c1519283919.42d1519283919.42a1519283922.05b1519283922.05c1519283922.63d1519283922.63MIME-Version: 1.0
Content-Type: text/plain; charset="utf-8"
Content-Transfer-Encoding: 7bit
Subject: Order details
From: None
To: ethan.stone@example.com
Date: Thu, 22 Feb 2018 07:19:10 -0000
Message-ID: <20180222071910.2075.17588@master>



Hi!

Thank you for your order. To see your payment details please visit:
http://localhost:8000/order/4833a96e-e647-4566-8391-417c587b1b47/

Sincerely,
Saleor Team

-------------------------------------------------------------------------------
a1519283753.09b1519283753.09c1519283753.65d1519283753.65a1519283761.15b1519283761.15c1519283761.7d1519283761.7a1519283767.82b1519283767.82c1519283768.26d1519283768.26a1519283783.93b1519283783.93c1519283784.84d1519283784.84a1519283818.42b1519283818.42c1519283819.07d1519283819.07a1519283821.21b1519283821.21c1519283821.82d1519283821.82a1519283827.78b1519283827.78c1519283828.37d1519283828.37a1519283892.65b1519283892.65c1519283893.06d1519283893.06a1519283905.3b1519283905.3c1519283905.88d1519283905.88a1519283946.46b1519283946.46c1519283946.99d1519283946.99a1519283952.3b1519283952.3c1519283952.91d1519283952.91MIME-Version: 1.0
Content-Type: text/plain; charset="utf-8"
Content-Transfer-Encoding: 7bit
Subject: Order details
From: None
To: nicole.martinez@example.com
Date: Thu, 22 Feb 2018 07:19:16 -0000
Message-ID: <20180222071916.2077.85465@master>



Hi!

Thank you for your order. To see your payment details please visit:
http://localhost:8000/order/90afb8cb-b8d2-4406-ada0-34a4c4713cbb/

Sincerely,
Saleor Team

-------------------------------------------------------------------------------
a1519283956.62b1519283956.62c1519283956.92d1519283956.92a1519283958.41b1519283958.41c1519283959.37d1519283959.37a1519283963.43b1519283963.43c1519283964.04d1519283964.04MIME-Version: 1.0
Content-Type: text/plain; charset="utf-8"
Content-Transfer-Encoding: 7bit
Subject: Order details
From: None
To: kathryn.lawrence@example.com
Date: Thu, 22 Feb 2018 07:19:53 -0000
Message-ID: <20180222071953.2075.20984@master>



Hi!

Thank you for your order. To see your payment details please visit:
http://localhost:8000/order/d193b3b9-5426-416d-b109-fd4f221f88fa/

Sincerely,
Saleor Team

-------------------------------------------------------------------------------
a1519283944.29b1519283944.29c1519283944.88d1519283944.88a1519283948.74b1519283948.74c1519283949.31d1519283949.31a1519283974.82b1519283974.82c1519283975.34d1519283975.34a1519283978.41b1519283978.41c1519283978.99d1519283978.99a1519283984.8b1519283984.8c1519283985.56d1519283985.56MIME-Version: 1.0
Content-Type: text/plain; charset="utf-8"
Content-Transfer-Encoding: 7bit
Subject: Order details
From: None
To: tracy.wood@example.com
Date: Thu, 22 Feb 2018 07:19:55 -0000
Message-ID: <20180222071955.2076.75805@master>



Hi!

Thank you for your order. To see your payment details please visit:
http://localhost:8000/order/d188c8c9-88c9-41d6-be24-c25d849a138a/

Sincerely,
Saleor Team

-------------------------------------------------------------------------------
MIME-Version: 1.0
Content-Type: text/plain; charset="utf-8"
Content-Transfer-Encoding: 7bit
Subject: Order details
From: None
To: john.woods@example.com
Date: Thu, 22 Feb 2018 07:19:56 -0000
Message-ID: <20180222071956.2077.61449@master>



Hi!

Thank you for your order. To see your payment details please visit:
http://localhost:8000/order/8c124d4d-995e-4fc6-8aee-1903bd5f53d9/

Sincerely,
Saleor Team

-------------------------------------------------------------------------------
MIME-Version: 1.0
Content-Type: text/plain; charset="utf-8"
Content-Transfer-Encoding: 7bit
Subject: Order details
From: None
To: jessica.welch@example.com
Date: Thu, 22 Feb 2018 07:20:04 -0000
Message-ID: <20180222072004.2075.76581@master>



Hi!

Thank you for your order. To see your payment details please visit:
http://localhost:8000/order/33e86354-a43d-4566-aa82-cc51b9b44a6d/

Sincerely,
Saleor Team

-------------------------------------------------------------------------------
a1519284014.43b1519284014.43c1519284014.98d1519284014.98a1519284019.75b1519284019.75c1519284020.15d1519284020.15a1519284020.21b1519284020.21c1519284020.64d1519284020.64MIME-Version: 1.0
Content-Type: text/plain; charset="utf-8"
Content-Transfer-Encoding: 7bit
Subject: Order details
From: None
To: joe.walker@example.com
Date: Thu, 22 Feb 2018 07:21:07 -0000
Message-ID: <20180222072107.2076.36305@master>



Hi!

Thank you for your order. To see your payment details please visit:
http://localhost:8000/order/1563e8e3-5320-45a2-b70a-1d9cee375b68/

Sincerely,
Saleor Team

-------------------------------------------------------------------------------
a1519284081.42b1519284081.42c1519284081.83d1519284081.83a1519284084.95b1519284084.95c1519284085.62d1519284085.62a1519284090.35b1519284090.35c1519284090.92d1519284090.92MIME-Version: 1.0
Content-Type: text/plain; charset="utf-8"
Content-Transfer-Encoding: 7bit
Subject: Order details
From: None
To: dawn.lindsey@example.com
Date: Thu, 22 Feb 2018 07:21:59 -0000
Message-ID: <20180222072159.2076.16868@master>



Hi!

Thank you for your order. To see your payment details please visit:
http://localhost:8000/order/c533796b-a8f7-42db-be27-6a3090d11b07/

Sincerely,
Saleor Team

-------------------------------------------------------------------------------
MIME-Version: 1.0
Content-Type: text/plain; charset="utf-8"
Content-Transfer-Encoding: 7bit
Subject: Order details
From: None
To: patricia.garcia@example.com
Date: Thu, 22 Feb 2018 07:22:09 -0000
Message-ID: <20180222072209.2076.18831@master>



Hi!

Thank you for your order. To see your payment details please visit:
http://localhost:8000/order/5e91941b-5739-4d3c-a957-3be3b504ec50/

Sincerely,
Saleor Team

-------------------------------------------------------------------------------
a1519284020.58b1519284020.59c1519284021.17d1519284021.17a1519284055.79b1519284055.79c1519284056.4d1519284056.4a1519284084.96b1519284084.96c1519284085.56d1519284085.56a1519284089.95b1519284089.95c1519284090.51d1519284090.51a1519284103.02b1519284103.02c1519284103.61d1519284103.61a1519284106.97b1519284106.97c1519284107.52d1519284107.52a1519284117.21b1519284117.21c1519284117.79d1519284117.79MIME-Version: 1.0
Content-Type: text/plain; charset="utf-8"
Content-Transfer-Encoding: 7bit
Subject: Order details
From: None
To: cynthia.cole@example.com
Date: Thu, 22 Feb 2018 07:22:16 -0000
Message-ID: <20180222072216.2075.73137@master>



Hi!

Thank you for your order. To see your payment details please visit:
http://localhost:8000/order/bee026a5-083d-4e97-be7e-3534f4465b50/

Sincerely,
Saleor Team

-------------------------------------------------------------------------------
a1519284018.17b1519284018.17c1519284018.52d1519284018.52a1519284019.76b1519284019.76c1519284020.4d1519284020.4a1519284024.26b1519284024.26c1519284024.65d1519284024.65a1519284038.38b1519284038.38c1519284038.97d1519284038.97a1519284043.48b1519284043.48c1519284044.05d1519284044.05a1519284085.07b1519284085.07c1519284086.04d1519284086.04a1519284088.94b1519284088.94c1519284089.53d1519284089.53MIME-Version: 1.0
Content-Type: text/plain; charset="utf-8"
Content-Transfer-Encoding: 7bit
Subject: Order details
From: None
To: carolyn.ortiz@example.com
Date: Thu, 22 Feb 2018 07:22:26 -0000
Message-ID: <20180222072226.2077.19728@master>



Hi!

Thank you for your order. To see your payment details please visit:
http://localhost:8000/order/fe923baf-4729-455d-ae06-5e7e7aabbe5a/

Sincerely,
Saleor Team

-------------------------------------------------------------------------------
MIME-Version: 1.0
Content-Type: text/plain; charset="utf-8"
Content-Transfer-Encoding: 7bit
Subject: Order details
From: None
To: victoria.kennedy@example.com
Date: Thu, 22 Feb 2018 07:22:26 -0000
Message-ID: <20180222072226.2076.37367@master>



Hi!

Thank you for your order. To see your payment details please visit:
http://localhost:8000/order/7a8c4fe3-813e-4387-ac0e-16ad1ac77fb3/

Sincerely,
Saleor Team

-------------------------------------------------------------------------------
a1519284147.2b1519284147.2c1519284147.78d1519284147.78a1519284156.44b1519284156.44c1519284157.37d1519284157.37a1519284159.64b1519284159.64c1519284160.23d1519284160.23MIME-Version: 1.0
Content-Type: text/plain; charset="utf-8"
Content-Transfer-Encoding: 7bit
Subject: Order details
From: None
To: brandon.livingston@example.com
Date: Thu, 22 Feb 2018 07:22:43 -0000
Message-ID: <20180222072243.2077.81759@master>



Hi!

Thank you for your order. To see your payment details please visit:
http://localhost:8000/order/0b29fbf7-56e1-48ab-aad3-0511c143dd2d/

Sincerely,
Saleor Team

-------------------------------------------------------------------------------
a1519284171.29b1519284171.29c1519284171.86d1519284171.86a1519284218.89b1519284218.89c1519284219.28d1519284219.28a1519284221.28b1519284221.28c1519284221.8d1519284221.8a1519284224.87b1519284224.87c1519284225.1d1519284225.1a1519284225.49b1519284225.49c1519284225.98d1519284225.98a1519284239.62b1519284239.62c1519284240.19d1519284240.19MIME-Version: 1.0
Content-Type: text/plain; charset="utf-8"
Content-Transfer-Encoding: 7bit
Subject: Order details
From: None
To: kathryn.lawrence@example.com
Date: Thu, 22 Feb 2018 07:24:32 -0000
Message-ID: <20180222072432.2077.33312@master>



Hi!

Thank you for your order. To see your payment details please visit:
http://localhost:8000/order/bf915e48-6a39-4689-9f07-bb118785f89e/

Sincerely,
Saleor Team

-------------------------------------------------------------------------------
a1519284151.52b1519284151.52c1519284151.87d1519284151.87a1519284154.15b1519284154.15c1519284154.34d1519284154.34a1519284162.99b1519284162.99c1519284163.45d1519284163.45a1519284173.02b1519284173.02c1519284173.6d1519284173.6a1519284218.62b1519284218.62c1519284219.06d1519284219.06a1519284225.99b1519284225.99c1519284226.6d1519284226.6a1519284236.45b1519284236.45c1519284236.88d1519284236.88a1519284264.98b1519284264.98c1519284265.74d1519284265.74a1519284292.12b1519284292.12c1519284292.7d1519284292.7a1519284294.85b1519284294.85c1519284295.04d1519284295.04MIME-Version: 1.0
Content-Type: text/plain; charset="utf-8"
Content-Transfer-Encoding: 7bit
Subject: Order details
From: None
To: jessica.welch@example.com
Date: Thu, 22 Feb 2018 07:25:03 -0000
Message-ID: <20180222072503.2076.33841@master>



Hi!

Thank you for your order. To see your payment details please visit:
http://localhost:8000/order/7244d8e9-e95d-444b-a183-55679ad521d3/

Sincerely,
Saleor Team

-------------------------------------------------------------------------------
a1519284154.72b1519284154.72c1519284155.15d1519284155.15a1519284197.99b1519284197.99c1519284198.6d1519284198.6a1519284221.57b1519284221.57c1519284222.17d1519284222.17a1519284281.18b1519284281.18c1519284281.37d1519284281.37a1519284288.3b1519284288.3c1519284288.89d1519284288.89a1519284288.98b1519284288.98c1519284289.54d1519284289.54MIME-Version: 1.0
Content-Type: text/plain; charset="utf-8"
Content-Transfer-Encoding: 7bit
Subject: Order details
From: None
To: gail.davis@example.com
Date: Thu, 22 Feb 2018 07:25:28 -0000
Message-ID: <20180222072528.2075.66571@master>



Hi!

Thank you for your order. To see your payment details please visit:
http://localhost:8000/order/56e0d636-71b6-4334-b259-cf6dbbf89f94/

Sincerely,
Saleor Team

-------------------------------------------------------------------------------
MIME-Version: 1.0
Content-Type: text/plain; charset="utf-8"
Content-Transfer-Encoding: 7bit
Subject: Order details
From: None
To: john.austin@example.com
Date: Thu, 22 Feb 2018 07:25:34 -0000
Message-ID: <20180222072534.2075.73769@master>



Hi!

Thank you for your order. To see your payment details please visit:
http://localhost:8000/order/6cc8399f-a9ad-4de9-b436-2d0b1c3fe148/

Sincerely,
Saleor Team

-------------------------------------------------------------------------------
a1519284335.7b1519284335.7c1519284336.29d1519284336.29a1519284346.29b1519284346.29c1519284346.88d1519284346.88a1519284354.04b1519284354.04c1519284354.56d1519284354.56a1519284358.79b1519284358.79c1519284359.38d1519284359.38a1519284376.26b1519284376.26c1519284376.85d1519284376.85a1519284397.39b1519284397.39c1519284398.01d1519284398.01MIME-Version: 1.0
Content-Type: text/plain; charset="utf-8"
Content-Transfer-Encoding: 7bit
Subject: Order details
From: None
To: dawn.lindsey@example.com
Date: Thu, 22 Feb 2018 07:26:45 -0000
Message-ID: <20180222072645.2075.17252@master>



Hi!

Thank you for your order. To see your payment details please visit:
http://localhost:8000/order/74d43a7b-3f26-4948-b8d4-0fc5099ace11/

Sincerely,
Saleor Team

-------------------------------------------------------------------------------
a1519284284.64b1519284284.64c1519284285.25d1519284285.25a1519284288.8b1519284288.8c1519284289.45d1519284289.45a1519284358.03b1519284358.03c1519284358.61d1519284358.61a1519284359.51b1519284359.51c1519284360.09d1519284360.09MIME-Version: 1.0
Content-Type: text/plain; charset="utf-8"
Content-Transfer-Encoding: 7bit
Subject: Order details
From: None
To: cynthia.cole@example.com
Date: Thu, 22 Feb 2018 07:26:58 -0000
Message-ID: <20180222072658.2077.36082@master>



Hi!

Thank you for your order. To see your payment details please visit:
http://localhost:8000/order/9fc4d536-bda0-46d5-9aaa-57f1a741d38c/

Sincerely,
Saleor Team

-------------------------------------------------------------------------------
a1519284304.15b1519284304.15c1519284304.64d1519284304.64a1519284309.78b1519284309.78c1519284310.36d1519284310.36a1519284353.83b1519284353.83c1519284354.21d1519284354.21a1519284358.25b1519284358.25c1519284358.81d1519284358.81a1519284375.92b1519284375.92c1519284376.57d1519284376.57a1519284418.76b1519284418.76c1519284419.2d1519284419.2a1519284423.77b1519284423.77c1519284424.28d1519284424.28MIME-Version: 1.0
Content-Type: text/plain; charset="utf-8"
Content-Transfer-Encoding: 7bit
Subject: Order details
From: None
To: brandon.livingston@example.com
Date: Thu, 22 Feb 2018 07:27:37 -0000
Message-ID: <20180222072737.2076.86693@master>



Hi!

Thank you for your order. To see your payment details please visit:
http://localhost:8000/order/40ae04fb-9708-43aa-9e63-368945102e1e/

Sincerely,
Saleor Team

-------------------------------------------------------------------------------
a1519284415.29b1519284415.29c1519284415.72d1519284415.72a1519284419.36b1519284419.36c1519284419.92d1519284419.92a1519284422.76b1519284422.76c1519284423.3d1519284423.3a1519284428.28b1519284428.28c1519284428.85d1519284428.85a1519284444.96b1519284444.96c1519284445.53d1519284445.53MIME-Version: 1.0
Content-Type: text/plain; charset="utf-8"
Content-Transfer-Encoding: 7bit
Subject: Order details
From: None
To: victoria.kennedy@example.com
Date: Thu, 22 Feb 2018 07:27:41 -0000
Message-ID: <20180222072741.2075.73996@master>



Hi!

Thank you for your order. To see your payment details please visit:
http://localhost:8000/order/46dff54d-2212-4d89-855c-2b91babc068d/

Sincerely,
Saleor Team

-------------------------------------------------------------------------------
a1519284472.38b1519284472.38c1519284472.83d1519284472.83MIME-Version: 1.0
Content-Type: text/plain; charset="utf-8"
Content-Transfer-Encoding: 7bit
Subject: Order details
From: None
To: susan.valenzuela@example.com
Date: Thu, 22 Feb 2018 07:28:08 -0000
Message-ID: <20180222072808.2076.3109@master>



Hi!

Thank you for your order. To see your payment details please visit:
http://localhost:8000/order/b3d60813-8871-42c5-b203-ff0a15932b43/

Sincerely,
Saleor Team

-------------------------------------------------------------------------------
a1519284491.21b1519284491.21c1519284491.42d1519284491.42a1519284494.11b1519284494.11c1519284494.67d1519284494.67a1519284516.96b1519284516.96c1519284517.55d1519284517.55MIME-Version: 1.0
Content-Type: text/plain; charset="utf-8"
Content-Transfer-Encoding: 7bit
Subject: Order details
From: None
To: frederick.cooley@example.com
Date: Thu, 22 Feb 2018 07:28:48 -0000
Message-ID: <20180222072848.2076.20192@master>



Hi!

Thank you for your order. To see your payment details please visit:
http://localhost:8000/order/c361f0f4-a98c-46f9-848f-a43e61037c68/

Sincerely,
Saleor Team

-------------------------------------------------------------------------------
a1519284425.93b1519284425.93c1519284426.26d1519284426.26a1519284444.4b1519284444.4c1519284444.96d1519284444.96a1519284482.74b1519284482.74c1519284483.34d1519284483.34a1519284486.84b1519284486.84c1519284487.42d1519284487.42a1519284554.34b1519284554.34c1519284554.93d1519284554.93a1519284556.49b1519284556.49c1519284557.07d1519284557.07MIME-Version: 1.0
Content-Type: text/plain; charset="utf-8"
Content-Transfer-Encoding: 7bit
Subject: Order details
From: None
To: tracy.wood@example.com
Date: Thu, 22 Feb 2018 07:29:21 -0000
Message-ID: <20180222072921.2077.40574@master>



Hi!

Thank you for your order. To see your payment details please visit:
http://localhost:8000/order/08c239a0-f717-4a5a-8e2f-027af1a89181/

Sincerely,
Saleor Team

-------------------------------------------------------------------------------
a1519284484.99b1519284484.99c1519284485.54d1519284485.54a1519284486.59b1519284486.59c1519284487.18d1519284487.18a1519284500.87b1519284500.87c1519284501.47d1519284501.47a1519284520.78b1519284520.78c1519284521.38d1519284521.38a1519284539.29b1519284539.29c1519284539.86d1519284539.86a1519284556.85b1519284556.85c1519284557.42d1519284557.42a1519284564.53b1519284564.53c1519284564.89d1519284564.89a1519284591.31b1519284591.31c1519284591.92d1519284591.92MIME-Version: 1.0
Content-Type: text/plain; charset="utf-8"
Content-Transfer-Encoding: 7bit
Subject: Order details
From: None
To: adam.carpenter@example.com
Date: Thu, 22 Feb 2018 07:29:53 -0000
Message-ID: <20180222072953.2075.23370@master>



Hi!

Thank you for your order. To see your payment details please visit:
http://localhost:8000/order/f0e9a724-18f5-4b50-90d2-04ab9a7d1014/

Sincerely,
Saleor Team

-------------------------------------------------------------------------------
a1519284551.61b1519284551.61c1519284552.2d1519284552.2a1519284565.38b1519284565.38c1519284565.93d1519284565.93MIME-Version: 1.0
Content-Type: text/plain; charset="utf-8"
Content-Transfer-Encoding: 7bit
Subject: Order details
From: None
To: deanna.campbell@example.com
Date: Thu, 22 Feb 2018 07:29:57 -0000
Message-ID: <20180222072957.2076.68269@master>



Hi!

Thank you for your order. To see your payment details please visit:
http://localhost:8000/order/ae39ab5f-11ed-4ed7-854a-24fcc222988b/

Sincerely,
Saleor Team

-------------------------------------------------------------------------------
a1519284604.71b1519284604.71c1519284605.1d1519284605.11MIME-Version: 1.0
Content-Type: text/plain; charset="utf-8"
Content-Transfer-Encoding: 7bit
Subject: Order details
From: None
To: john.austin@example.com
Date: Thu, 22 Feb 2018 07:30:06 -0000
Message-ID: <20180222073006.2075.42284@master>



Hi!

Thank you for your order. To see your payment details please visit:
http://localhost:8000/order/665b16c1-b72e-4c53-99db-e089635dc12f/

Sincerely,
Saleor Team

-------------------------------------------------------------------------------
MIME-Version: 1.0
Content-Type: text/plain; charset="utf-8"
Content-Transfer-Encoding: 7bit
Subject: Order details
From: None
To: christopher.jensen@example.com
Date: Thu, 22 Feb 2018 07:30:27 -0000
Message-ID: <20180222073027.2076.7085@master>



Hi!

Thank you for your order. To see your payment details please visit:
http://localhost:8000/order/b37315d5-d7a4-4d3d-b295-7b0e2b0e1039/

Sincerely,
Saleor Team

-------------------------------------------------------------------------------
a1519284633.37b1519284633.37c1519284633.91d1519284633.91MIME-Version: 1.0
Content-Type: text/plain; charset="utf-8"
Content-Transfer-Encoding: 7bit
Subject: Order details
From: None
To: dawn.lindsey@example.com
Date: Thu, 22 Feb 2018 07:31:14 -0000
Message-ID: <20180222073114.2076.60373@master>



Hi!

Thank you for your order. To see your payment details please visit:
http://localhost:8000/order/1ddf1a84-a9f5-48a3-bc19-0dbd134f4df4/

Sincerely,
Saleor Team

-------------------------------------------------------------------------------
MIME-Version: 1.0
Content-Type: text/plain; charset="utf-8"
Content-Transfer-Encoding: 7bit
Subject: Order details
From: None
To: david.williams@example.com
Date: Thu, 22 Feb 2018 07:31:21 -0000
Message-ID: <20180222073121.2076.95377@master>



Hi!

Thank you for your order. To see your payment details please visit:
http://localhost:8000/order/d92c7fd1-29ae-41cc-bbf1-a5d0de580c2f/

Sincerely,
Saleor Team

-------------------------------------------------------------------------------
a1519284619.16b1519284619.16c1519284619.76d1519284619.76a1519284629.99b1519284629.99c1519284630.47d1519284630.47a1519284630.54b1519284630.54c1519284631.13d1519284631.13a1519284634.43b1519284634.43c1519284635.0d1519284635.0a1519284675.57b1519284675.57c1519284676.18d1519284676.18a1519284697.1b1519284697.1c1519284697.69d1519284697.69a1519284704.91b1519284704.91c1519284705.21d1519284705.21MIME-Version: 1.0
Content-Type: text/plain; charset="utf-8"
Content-Transfer-Encoding: 7bit
Subject: Order details
From: None
To: sheila.payne@example.com
Date: Thu, 22 Feb 2018 07:31:47 -0000
Message-ID: <20180222073147.2075.60984@master>



Hi!

Thank you for your order. To see your payment details please visit:
http://localhost:8000/order/cc00431e-71c6-4cee-a63c-f287b3016aa0/

Sincerely,
Saleor Team

-------------------------------------------------------------------------------
a1519284691.04b1519284691.04c1519284691.63d1519284691.63a1519284696.0b1519284696.0c1519284696.44d1519284696.44a1519284698.34b1519284698.34c1519284698.92d1519284698.92MIME-Version: 1.0
Content-Type: text/plain; charset="utf-8"
Content-Transfer-Encoding: 7bit
Subject: Order details
From: None
To: dennis.villarreal@example.com
Date: Thu, 22 Feb 2018 07:31:54 -0000
Message-ID: <20180222073154.2076.36689@master>



Hi!

Thank you for your order. To see your payment details please visit:
http://localhost:8000/order/4db4fc34-7388-459e-b5a9-84e8c11b2ba6/

Sincerely,
Saleor Team

-------------------------------------------------------------------------------
a1519284731.25b1519284731.25c1519284731.88d1519284731.88MIME-Version: 1.0
Content-Type: text/plain; charset="utf-8"
Content-Transfer-Encoding: 7bit
Subject: Order details
From: None
To: brandon.livingston@example.com
Date: Thu, 22 Feb 2018 07:32:25 -0000
Message-ID: <20180222073225.2075.40351@master>



Hi!

Thank you for your order. To see your payment details please visit:
http://localhost:8000/order/021e6d12-17ab-4082-a965-b67667954215/

Sincerely,
Saleor Team

-------------------------------------------------------------------------------
a1519284762.72b1519284762.72c1519284763.28d1519284763.28a1519284770.68b1519284770.68c1519284771.44d1519284771.44MIME-Version: 1.0
Content-Type: text/plain; charset="utf-8"
Content-Transfer-Encoding: 7bit
Subject: Order details
From: None
To: kathleen.mann@example.com
Date: Thu, 22 Feb 2018 07:33:00 -0000
Message-ID: <20180222073300.2075.9357@master>



Hi!

Thank you for your order. To see your payment details please visit:
http://localhost:8000/order/38f84672-7a82-471b-af6b-001c49dae8ad/

Sincerely,
Saleor Team

-------------------------------------------------------------------------------
MIME-Version: 1.0
Content-Type: text/plain; charset="utf-8"
Content-Transfer-Encoding: 7bit
Subject: Order details
From: None
To: betty.holloway@example.com
Date: Thu, 22 Feb 2018 07:33:11 -0000
Message-ID: <20180222073311.2075.86727@master>



Hi!

Thank you for your order. To see your payment details please visit:
http://localhost:8000/order/bf2f0f2c-98ff-4865-b6df-7e465e483e52/

Sincerely,
Saleor Team

-------------------------------------------------------------------------------
a1519284735.04b1519284735.04c1519284735.66d1519284735.66a1519284760.39b1519284760.39c1519284760.96d1519284760.96a1519284769.44b1519284769.44c1519284770.08d1519284770.08a1519284778.17b1519284778.17c1519284778.77d1519284778.77MIME-Version: 1.0
Content-Type: text/plain; charset="utf-8"
Content-Transfer-Encoding: 7bit
Subject: Order details
From: None
To: sierra.benson@example.com
Date: Thu, 22 Feb 2018 07:33:28 -0000
Message-ID: <20180222073328.2076.330@master>



Hi!

Thank you for your order. To see your payment details please visit:
http://localhost:8000/order/d55d3d55-89eb-4d4d-9416-7d617de7f833/

Sincerely,
Saleor Team

-------------------------------------------------------------------------------
a1519284820.71b1519284820.71c1519284821.36d1519284821.36MIME-Version: 1.0
Content-Type: text/plain; charset="utf-8"
Content-Transfer-Encoding: 7bit
Subject: Order details
From: None
To: frederick.cooley@example.com
Date: Thu, 22 Feb 2018 07:33:44 -0000
Message-ID: <20180222073344.2075.52708@master>



Hi!

Thank you for your order. To see your payment details please visit:
http://localhost:8000/order/8d112d00-8057-402b-bb41-b11ef25bc54f/

Sincerely,
Saleor Team

-------------------------------------------------------------------------------
a1519284838.47b1519284838.47c1519284838.75d1519284838.75a1519284838.79b1519284838.79c1519284838.99d1519284838.99MIME-Version: 1.0
Content-Type: text/plain; charset="utf-8"
Content-Transfer-Encoding: 7bit
Subject: Order details
From: None
To: tracy.wood@example.com
Date: Thu, 22 Feb 2018 07:34:31 -0000
Message-ID: <20180222073431.2075.74283@master>



Hi!

Thank you for your order. To see your payment details please visit:
http://localhost:8000/order/26683665-dbca-4d58-ac50-43b937d77581/

Sincerely,
Saleor Team

-------------------------------------------------------------------------------
a1519284877.78b1519284877.78c1519284878.38d1519284878.38a1519284904.51b1519284904.51c1519284905.08d1519284905.08a1519284907.53b1519284907.53c1519284908.25d1519284908.25MIME-Version: 1.0
Content-Type: text/plain; charset="utf-8"
Content-Transfer-Encoding: 7bit
Subject: Order details
From: None
To: christopher.jensen@example.com
Date: Thu, 22 Feb 2018 07:35:29 -0000
Message-ID: <20180222073529.2075.53947@master>



Hi!

Thank you for your order. To see your payment details please visit:
http://localhost:8000/order/541c5ed5-c038-4ddb-bb89-e6e140bd49cb/

Sincerely,
Saleor Team

-------------------------------------------------------------------------------
MIME-Version: 1.0
Content-Type: text/plain; charset="utf-8"
Content-Transfer-Encoding: 7bit
Subject: Order details
From: None
To: gail.davis@example.com
Date: Thu, 22 Feb 2018 07:35:32 -0000
Message-ID: <20180222073532.2075.97694@master>



Hi!

Thank you for your order. To see your payment details please visit:
http://localhost:8000/order/8a1ffc02-bdb9-44ac-863a-484b82913846/

Sincerely,
Saleor Team

-------------------------------------------------------------------------------
a1519284561.27b1519284561.27c1519284561.86d1519284561.86a1519284589.4b1519284589.4c1519284589.98d1519284589.98a1519284621.69b1519284621.69c1519284622.17d1519284622.17a1519284622.21b1519284622.21c1519284622.91d1519284622.91a1519284655.2b1519284655.2c1519284655.81d1519284655.81a1519284661.44b1519284661.44c1519284661.94d1519284661.94a1519284696.52b1519284696.52c1519284697.12d1519284697.12a1519284701.46b1519284701.46c1519284702.05d1519284702.05a1519284738.36b1519284738.36c1519284738.99d1519284738.99a1519284761.56b1519284761.56c1519284762.16d1519284762.16a1519284769.1b1519284769.1c1519284769.68d1519284769.68a1519284794.08b1519284794.08c1519284794.65d1519284794.65a1519284829.6b1519284829.6c1519284829.9d1519284829.9a1519284848.27b1519284848.27c1519284848.87d1519284848.87a1519284850.43b1519284850.43c1519284851.01d1519284851.01a1519284890.03b1519284890.03c1519284890.83d1519284890.83a1519284902.7b1519284902.7c1519284903.25d1519284903.25a1519284944.04b1519284944.04c1519284944.61d1519284944.61a1519284944.7b1519284944.7c1519284945.29d1519284945.29MIME-Version: 1.0
Content-Type: text/plain; charset="utf-8"
Content-Transfer-Encoding: 7bit
Subject: Order details
From: None
To: nicholas.hill@example.com
Date: Thu, 22 Feb 2018 07:35:57 -0000
Message-ID: <20180222073557.2077.49973@master>



Hi!

Thank you for your order. To see your payment details please visit:
http://localhost:8000/order/58c3f9cf-b86e-4366-b93d-722b79c5cf8b/

Sincerely,
Saleor Team

-------------------------------------------------------------------------------
a1519284961.45b1519284961.45c1519284961.92d1519284961.92a1519284983.03b1519284983.03c1519284984.02d1519284984.02MIME-Version: 1.0
Content-Type: text/plain; charset="utf-8"
Content-Transfer-Encoding: 7bit
Subject: Order details
From: None
To: dennis.villarreal@example.com
Date: Thu, 22 Feb 2018 07:36:58 -0000
Message-ID: <20180222073658.2077.29698@master>



Hi!

Thank you for your order. To see your payment details please visit:
http://localhost:8000/order/8207146d-b660-4feb-9921-b6704a77be70/

Sincerely,
Saleor Team

-------------------------------------------------------------------------------
a1519284810.19b1519284810.19c1519284810.78d1519284810.78a1519284835.08b1519284835.08c1519284835.69d1519284835.69a1519284842.08b1519284842.08c1519284842.47d1519284842.47a1519284872.39b1519284872.39c1519284872.99d1519284872.99a1519284891.73b1519284891.73c1519284892.1d1519284892.1a1519284894.33b1519284894.33c1519284894.75d1519284894.75a1519284903.23b1519284903.23c1519284903.8d1519284903.8a1519284911.73b1519284911.73c1519284912.34d1519284912.34a1519284966.2b1519284966.2c1519284966.79d1519284966.79a1519284979.73b1519284979.73c1519284980.17d1519284980.17a1519284980.21b1519284980.21c1519284980.78d1519284980.78a1519285040.74b1519285040.74c1519285041.34d1519285041.34a1519285052.48b1519285052.48c1519285053.06d1519285053.06MIME-Version: 1.0
Content-Type: text/plain; charset="utf-8"
Content-Transfer-Encoding: 7bit
Subject: Order details
From: None
To: brandon.livingston@example.com
Date: Thu, 22 Feb 2018 07:37:41 -0000
Message-ID: <20180222073741.2076.98883@master>



Hi!

Thank you for your order. To see your payment details please visit:
http://localhost:8000/order/5d201bd0-f08c-4bd9-8a96-91d0f19fc392/

Sincerely,
Saleor Team

-------------------------------------------------------------------------------
a1519284956.22b1519284956.22c1519284956.81d1519284956.81a1519284979.47b1519284979.47c1519284979.7d1519284979.7a1519284979.76b1519284979.76c1519284980.2d1519284980.2a1519285016.09b1519285016.09c1519285016.7d1519285016.7a1519285027.1b1519285027.1c1519285027.67d1519285027.67a1519285052.35b1519285052.35c1519285052.96d1519285052.96MIME-Version: 1.0
Content-Type: text/plain; charset="utf-8"
Content-Transfer-Encoding: 7bit
Subject: Order details
From: None
To: kathleen.mann@example.com
Date: Thu, 22 Feb 2018 07:37:51 -0000
Message-ID: <20180222073751.2075.66954@master>



Hi!

Thank you for your order. To see your payment details please visit:
http://localhost:8000/order/e986e1c1-f2d5-483b-bc44-9005e07fc6f3/

Sincerely,
Saleor Team

-------------------------------------------------------------------------------
MIME-Version: 1.0
Content-Type: text/plain; charset="utf-8"
Content-Transfer-Encoding: 7bit
Subject: Order details
From: None
To: sue.salazar@example.com
Date: Thu, 22 Feb 2018 07:38:16 -0000
Message-ID: <20180222073816.2076.4731@master>



Hi!

Thank you for your order. To see your payment details please visit:
http://localhost:8000/order/26d1917c-c9af-47b6-9a43-8b908ee39944/

Sincerely,
Saleor Team

-------------------------------------------------------------------------------
a1519285018.88b1519285018.88c1519285019.44d1519285019.44a1519285025.68b1519285025.68c1519285025.95d1519285025.95a1519285027.15b1519285027.15c1519285027.78d1519285027.78a1519285048.87b1519285048.87c1519285049.47d1519285049.47a1519285049.52b1519285049.52c1519285050.12d1519285050.12a1519285091.98b1519285091.98c1519285092.57d1519285092.57a1519285104.78b1519285104.78c1519285105.32d1519285105.32a1519285121.79b1519285121.79c1519285122.37d1519285122.37MIME-Version: 1.0
Content-Type: text/plain; charset="utf-8"
Content-Transfer-Encoding: 7bit
Subject: Order details
From: None
To: sierra.benson@example.com
Date: Thu, 22 Feb 2018 07:38:44 -0000
Message-ID: <20180222073844.2077.75083@master>



Hi!

Thank you for your order. To see your payment details please visit:
http://localhost:8000/order/27c32fb3-04d8-48b6-85c2-6cdd682198c6/

Sincerely,
Saleor Team

-------------------------------------------------------------------------------
MIME-Version: 1.0
Content-Type: text/plain; charset="utf-8"
Content-Transfer-Encoding: 7bit
Subject: Order details
From: None
To: nicole.martinez@example.com
Date: Thu, 22 Feb 2018 07:39:05 -0000
Message-ID: <20180222073905.2076.43448@master>



Hi!

Thank you for your order. To see your payment details please visit:
http://localhost:8000/order/82f9cc04-a73a-4ffb-8699-38a771d70a64/

Sincerely,
Saleor Team

-------------------------------------------------------------------------------
a1519285083.71b1519285083.71c1519285084.32d1519285084.32a1519285095.48b1519285095.48c1519285096.07d1519285096.07a1519285098.11b1519285098.11c1519285098.66d1519285098.66a1519285098.82b1519285098.82c1519285099.21d1519285099.21a1519285121.33b1519285121.33c1519285121.95d1519285121.95a1519285122.01b1519285122.01c1519285122.59d1519285122.59MIME-Version: 1.0
Content-Type: text/plain; charset="utf-8"
Content-Transfer-Encoding: 7bit
Subject: Order details
From: None
To: john.woods@example.com
Date: Thu, 22 Feb 2018 07:39:27 -0000
Message-ID: <20180222073927.2075.13816@master>



Hi!

Thank you for your order. To see your payment details please visit:
http://localhost:8000/order/0cb93ccd-94d0-47dc-aea0-a55934606d95/

Sincerely,
Saleor Team

-------------------------------------------------------------------------------
MIME-Version: 1.0
Content-Type: text/plain; charset="utf-8"
Content-Transfer-Encoding: 7bit
Subject: Order details
From: None
To: kathryn.lawrence@example.com
Date: Thu, 22 Feb 2018 07:39:27 -0000
Message-ID: <20180222073927.2076.95355@master>



Hi!

Thank you for your order. To see your payment details please visit:
http://localhost:8000/order/2477a63c-7508-4bae-8a6f-1ae758b632cc/

Sincerely,
Saleor Team

-------------------------------------------------------------------------------
a1519285170.93b1519285170.93c1519285171.85d1519285171.85a1519285205.54b1519285205.54c1519285206.13d1519285206.13a1519285217.92b1519285217.93c1519285218.49d1519285218.49MIME-Version: 1.0
Content-Type: text/plain; charset="utf-8"
Content-Transfer-Encoding: 7bit
Subject: Order details
From: None
To: gail.davis@example.com
Date: Thu, 22 Feb 2018 07:40:21 -0000
Message-ID: <20180222074021.2076.94367@master>



Hi!

Thank you for your order. To see your payment details please visit:
http://localhost:8000/order/f57e43fb-09f3-4781-a860-513421b6722f/

Sincerely,
Saleor Team

-------------------------------------------------------------------------------
a1519285125.03b1519285125.03c1519285126.02d1519285126.02a1519285152.93b1519285152.93c1519285153.53d1519285153.53a1519285170.66b1519285170.66c1519285171.24d1519285171.24a1519285174.29b1519285174.29c1519285174.99d1519285174.99a1519285187.2b1519285187.2c1519285187.67d1519285187.67MIME-Version: 1.0
Content-Type: text/plain; charset="utf-8"
Content-Transfer-Encoding: 7bit
Subject: Order details
From: None
To: joe.walker@example.com
Date: Thu, 22 Feb 2018 07:40:30 -0000
Message-ID: <20180222074030.2077.98876@master>



Hi!

Thank you for your order. To see your payment details please visit:
http://localhost:8000/order/4101b313-3c89-4b3d-8044-c9ba2282c459/

Sincerely,
Saleor Team

-------------------------------------------------------------------------------
a1519285236.67b1519285236.67c1519285237.25d1519285237.25a1519285244.57b1519285244.57c1519285245.14d1519285245.14a1519285251.44b1519285251.44c1519285252.02d1519285252.02MIME-Version: 1.0
Content-Type: text/plain; charset="utf-8"
Content-Transfer-Encoding: 7bit
Subject: Order details
From: None
To: 2@qq.com
Date: Thu, 22 Feb 2018 07:41:25 -0000
Message-ID: <20180222074125.2077.38492@master>



Hi!

Thank you for your order. To see your payment details please visit:
http://localhost:8000/order/76689fcd-1fa9-4cdf-aa83-463d883ebe30/

Sincerely,
Saleor Team

-------------------------------------------------------------------------------
MIME-Version: 1.0
Content-Type: text/plain; charset="utf-8"
Content-Transfer-Encoding: 7bit
Subject: Order details
From: None
To: dawn.lindsey@example.com
Date: Thu, 22 Feb 2018 07:41:39 -0000
Message-ID: <20180222074139.2077.75880@master>



Hi!

Thank you for your order. To see your payment details please visit:
http://localhost:8000/order/75cbcdcc-79db-4011-9936-aa26f030d9e7/

Sincerely,
Saleor Team

-------------------------------------------------------------------------------
a1519285238.93b1519285238.93c1519285239.54d1519285239.54MIME-Version: 1.0
Content-Type: text/plain; charset="utf-8"
Content-Transfer-Encoding: 7bit
Subject: Order details
From: None
To: david.williams@example.com
Date: Thu, 22 Feb 2018 07:41:39 -0000
Message-ID: <20180222074139.2076.72029@master>



Hi!

Thank you for your order. To see your payment details please visit:
http://localhost:8000/order/911813b6-0162-4e55-b895-dbe96a0e27e2/

Sincerely,
Saleor Team

-------------------------------------------------------------------------------
MIME-Version: 1.0
Content-Type: text/plain; charset="utf-8"
Content-Transfer-Encoding: 7bit
Subject: Order details
From: None
To: dennis.villarreal@example.com
Date: Thu, 22 Feb 2018 07:41:47 -0000
Message-ID: <20180222074147.2077.46702@master>



Hi!

Thank you for your order. To see your payment details please visit:
http://localhost:8000/order/00346c97-a56f-4d67-8bbd-87631b956426/

Sincerely,
Saleor Team

-------------------------------------------------------------------------------
a1519285169.84b1519285169.84c1519285170.28d1519285170.28a1519285181.89b1519285181.89c1519285182.29d1519285182.29a1519285189.13b1519285189.13c1519285189.61d1519285189.61a1519285192.82b1519285192.82c1519285193.35d1519285193.35a1519285235.78b1519285235.78c1519285236.22d1519285236.22a1519285244.54b1519285244.54c1519285245.12d1519285245.12a1519285253.73b1519285253.73c1519285254.35d1519285254.35a1519285261.72b1519285261.72c1519285262.3d1519285262.3a1519285287.47b1519285287.47c1519285288.03d1519285288.03a1519285300.21b1519285300.21c1519285300.68d1519285300.68a1519285323.26b1519285323.26c1519285323.85d1519285323.85a1519285357.49b1519285357.49c1519285358.07d1519285358.07MIME-Version: 1.0
Content-Type: text/plain; charset="utf-8"
Content-Transfer-Encoding: 7bit
Subject: Order details
From: None
To: mitchell.wood@example.com
Date: Thu, 22 Feb 2018 07:42:42 -0000
Message-ID: <20180222074242.2075.95294@master>



Hi!

Thank you for your order. To see your payment details please visit:
http://localhost:8000/order/e79cee16-be84-4ea9-b84f-798eb9dc9849/

Sincerely,
Saleor Team

-------------------------------------------------------------------------------
a1519285312.79b1519285312.79c1519285313.37d1519285313.37a1519285315.75b1519285315.75c1519285316.32d1519285316.32a1519285320.02b1519285320.02c1519285320.54d1519285320.54a1519285322.23b1519285322.23c1519285322.8d1519285322.8MIME-Version: 1.0
Content-Type: text/plain; charset="utf-8"
Content-Transfer-Encoding: 7bit
Subject: Order details
From: None
To: james.johnson@example.com
Date: Thu, 22 Feb 2018 07:42:52 -0000
Message-ID: <20180222074252.2076.95921@master>



Hi!

Thank you for your order. To see your payment details please visit:
http://localhost:8000/order/0eb4abfb-108c-4cd9-8fa7-07d3f8a8f5d9/

Sincerely,
Saleor Team

-------------------------------------------------------------------------------
a1519285373.95b1519285373.95c1519285374.4d1519285374.4a1519285385.34b1519285385.34c1519285385.97d1519285385.97a1519285387.1b1519285387.1c1519285387.88d1519285387.88a1519285388.2b1519285388.2c1519285388.65d1519285388.65a1519285312.84b1519285312.84c1519285313.45d1519285313.45a1519285321.66b1519285321.66c1519285322.25d1519285322.25a1519285330.16b1519285330.16c1519285330.84d1519285330.84%%%%%%%%%%%%%%%%%%%%%%%%%%%%%%%%%%%%%%%%%%%%%%%%%%%%%%%%
